2018-11-03 17:37:05,717 [INFO] [main] io.renren.AdminApplication [Jdk14Logger.java : 99] Starting AdminApplication on wangdh with PID 14284 (F:\SpringCloud\new-renren\cross_border\renrenio-renren-security-master\renren-security\renren-admin\target\classes started by ljw in F:\SpringCloud\new-renren\cross_border\renrenio-renren-security-master\renren-security)
2018-11-03 17:37:05,783 [DEBUG] [main] io.renren.AdminApplication [Jdk14Logger.java : 99] Running with Spring Boot v2.0.5.RELEASE, Spring v5.0.9.RELEASE
2018-11-03 17:37:05,784 [INFO] [main] io.renren.AdminApplication [Jdk14Logger.java : 99] The following profiles are active: dev
2018-11-03 17:37:06,153 [INFO] [main] o.s.b.w.s.c.AnnotationConfigServletWebServerApplicationContext [Jdk14Logger.java : 99] Refreshing org.springframework.boot.web.servlet.context.AnnotationConfigServletWebServerApplicationContext@69fb6037: startup date [Sat Nov 03 17:37:06 CST 2018]; root of context hierarchy
2018-11-03 17:37:09,951 [INFO] [main] o.s.data.repository.config.RepositoryConfigurationDelegate [RepositoryConfigurationDelegate.java : 172] Multiple Spring Data modules found, entering strict repository configuration mode!
2018-11-03 17:37:11,008 [INFO] [main] o.s.c.s.PostProcessorRegistrationDelegate$BeanPostProcessorChecker [Jdk14Logger.java : 99] Bean 'shiroConfig' of type [io.renren.common.config.ShiroConfig$$EnhancerBySpringCGLIB$$ee23cc94] is not eligible for getting processed by all BeanPostProcessors (for example: not eligible for auto-proxying)
2018-11-03 17:37:11,320 [INFO] [main] o.s.c.s.PostProcessorRegistrationDelegate$BeanPostProcessorChecker [Jdk14Logger.java : 99] Bean 'org.springframework.boot.context.properties.ConversionServiceDeducer$Factory' of type [org.springframework.boot.context.properties.ConversionServiceDeducer$Factory] is not eligible for getting processed by all BeanPostProcessors (for example: not eligible for auto-proxying)
2018-11-03 17:37:11,593 [INFO] [main] o.s.c.s.PostProcessorRegistrationDelegate$BeanPostProcessorChecker [Jdk14Logger.java : 99] Bean 'mybatis-plus-com.baomidou.mybatisplus.spring.boot.starter.MybatisPlusProperties' of type [com.baomidou.mybatisplus.spring.boot.starter.MybatisPlusProperties] is not eligible for getting processed by all BeanPostProcessors (for example: not eligible for auto-proxying)
2018-11-03 17:37:11,614 [INFO] [main] o.s.c.s.PostProcessorRegistrationDelegate$BeanPostProcessorChecker [Jdk14Logger.java : 99] Bean 'mybatisPlusConfig' of type [io.renren.common.config.MybatisPlusConfig$$EnhancerBySpringCGLIB$$99a6de70] is not eligible for getting processed by all BeanPostProcessors (for example: not eligible for auto-proxying)
2018-11-03 17:37:11,687 [INFO] [main] o.s.c.s.PostProcessorRegistrationDelegate$BeanPostProcessorChecker [Jdk14Logger.java : 99] Bean 'paginationInterceptor' of type [com.baomidou.mybatisplus.plugins.PaginationInterceptor] is not eligible for getting processed by all BeanPostProcessors (for example: not eligible for auto-proxying)
2018-11-03 17:37:11,713 [INFO] [main] o.s.c.s.PostProcessorRegistrationDelegate$BeanPostProcessorChecker [Jdk14Logger.java : 99] Bean 'com.baomidou.mybatisplus.spring.boot.starter.MybatisPlusAutoConfiguration' of type [com.baomidou.mybatisplus.spring.boot.starter.MybatisPlusAutoConfiguration$$EnhancerBySpringCGLIB$$95b830e8] is not eligible for getting processed by all BeanPostProcessors (for example: not eligible for auto-proxying)
2018-11-03 17:37:11,728 [INFO] [main] o.s.c.s.PostProcessorRegistrationDelegate$BeanPostProcessorChecker [Jdk14Logger.java : 99] Bean 'dynamicDataSourceConfig' of type [io.renren.datasources.DynamicDataSourceConfig$$EnhancerBySpringCGLIB$$ffa3010] is not eligible for getting processed by all BeanPostProcessors (for example: not eligible for auto-proxying)
2018-11-03 17:37:11,941 [INFO] [main] o.s.c.s.PostProcessorRegistrationDelegate$BeanPostProcessorChecker [Jdk14Logger.java : 99] Bean 'spring.datasource-org.springframework.boot.autoconfigure.jdbc.DataSourceProperties' of type [org.springframework.boot.autoconfigure.jdbc.DataSourceProperties] is not eligible for getting processed by all BeanPostProcessors (for example: not eligible for auto-proxying)
2018-11-03 17:37:11,956 [INFO] [main] o.s.c.s.PostProcessorRegistrationDelegate$BeanPostProcessorChecker [Jdk14Logger.java : 99] Bean 'com.alibaba.druid.spring.boot.autoconfigure.stat.DruidFilterConfiguration' of type [com.alibaba.druid.spring.boot.autoconfigure.stat.DruidFilterConfiguration] is not eligible for getting processed by all BeanPostProcessors (for example: not eligible for auto-proxying)
2018-11-03 17:37:12,064 [INFO] [main] o.s.c.s.PostProcessorRegistrationDelegate$BeanPostProcessorChecker [Jdk14Logger.java : 99] Bean 'statFilter' of type [com.alibaba.druid.filter.stat.StatFilter] is not eligible for getting processed by all BeanPostProcessors (for example: not eligible for auto-proxying)
2018-11-03 17:37:12,133 [INFO] [main] o.s.c.s.PostProcessorRegistrationDelegate$BeanPostProcessorChecker [Jdk14Logger.java : 99] Bean 'firstDataSource' of type [com.alibaba.druid.spring.boot.autoconfigure.DruidDataSourceWrapper] is not eligible for getting processed by all BeanPostProcessors (for example: not eligible for auto-proxying)
2018-11-03 17:37:12,219 [INFO] [main] o.s.c.s.PostProcessorRegistrationDelegate$BeanPostProcessorChecker [Jdk14Logger.java : 99] Bean 'secondDataSource' of type [com.alibaba.druid.spring.boot.autoconfigure.DruidDataSourceWrapper] is not eligible for getting processed by all BeanPostProcessors (for example: not eligible for auto-proxying)
2018-11-03 17:37:12,241 [INFO] [main] o.s.c.s.PostProcessorRegistrationDelegate$BeanPostProcessorChecker [Jdk14Logger.java : 99] Bean 'dataSource' of type [io.renren.datasources.DynamicDataSource] is not eligible for getting processed by all BeanPostProcessors (for example: not eligible for auto-proxying)
2018-11-03 17:37:12,825 [INFO] [main] com.alibaba.druid.pool.DruidDataSource [DruidDataSource.java : 930] {dataSource-1} inited
2018-11-03 17:37:15,323 [INFO] [main] o.s.c.s.PostProcessorRegistrationDelegate$BeanPostProcessorChecker [Jdk14Logger.java : 99] Bean 'sqlSessionFactory' of type [org.apache.ibatis.session.defaults.DefaultSqlSessionFactory] is not eligible for getting processed by all BeanPostProcessors (for example: not eligible for auto-proxying)
2018-11-03 17:37:15,369 [INFO] [main] o.s.c.s.PostProcessorRegistrationDelegate$BeanPostProcessorChecker [Jdk14Logger.java : 99] Bean 'sqlSessionTemplate' of type [org.mybatis.spring.SqlSessionTemplate] is not eligible for getting processed by all BeanPostProcessors (for example: not eligible for auto-proxying)
2018-11-03 17:37:15,371 [INFO] [main] o.s.c.s.PostProcessorRegistrationDelegate$BeanPostProcessorChecker [Jdk14Logger.java : 99] Bean 'sysUserDao' of type [org.mybatis.spring.mapper.MapperFactoryBean] is not eligible for getting processed by all BeanPostProcessors (for example: not eligible for auto-proxying)
2018-11-03 17:37:15,377 [INFO] [main] o.s.c.s.PostProcessorRegistrationDelegate$BeanPostProcessorChecker [Jdk14Logger.java : 99] Bean 'sysUserDao' of type [com.sun.proxy.$Proxy71] is not eligible for getting processed by all BeanPostProcessors (for example: not eligible for auto-proxying)
2018-11-03 17:37:15,389 [INFO] [main] o.s.c.s.PostProcessorRegistrationDelegate$BeanPostProcessorChecker [Jdk14Logger.java : 99] Bean 'sysMenuDao' of type [org.mybatis.spring.mapper.MapperFactoryBean] is not eligible for getting processed by all BeanPostProcessors (for example: not eligible for auto-proxying)
2018-11-03 17:37:15,394 [INFO] [main] o.s.c.s.PostProcessorRegistrationDelegate$BeanPostProcessorChecker [Jdk14Logger.java : 99] Bean 'sysMenuDao' of type [com.sun.proxy.$Proxy72] is not eligible for getting processed by all BeanPostProcessors (for example: not eligible for auto-proxying)
2018-11-03 17:37:15,396 [INFO] [main] o.s.c.s.PostProcessorRegistrationDelegate$BeanPostProcessorChecker [Jdk14Logger.java : 99] Bean 'userRealm' of type [io.renren.modules.sys.shiro.UserRealm] is not eligible for getting processed by all BeanPostProcessors (for example: not eligible for auto-proxying)
2018-11-03 17:37:15,479 [INFO] [main] o.s.c.s.PostProcessorRegistrationDelegate$BeanPostProcessorChecker [Jdk14Logger.java : 99] Bean 'spring.redis-org.springframework.boot.autoconfigure.data.redis.RedisProperties' of type [org.springframework.boot.autoconfigure.data.redis.RedisProperties] is not eligible for getting processed by all BeanPostProcessors (for example: not eligible for auto-proxying)
2018-11-03 17:37:15,503 [INFO] [main] o.s.c.s.PostProcessorRegistrationDelegate$BeanPostProcessorChecker [Jdk14Logger.java : 99] Bean 'org.springframework.boot.autoconfigure.data.redis.LettuceConnectionConfiguration' of type [org.springframework.boot.autoconfigure.data.redis.LettuceConnectionConfiguration$$EnhancerBySpringCGLIB$$5d3250d5] is not eligible for getting processed by all BeanPostProcessors (for example: not eligible for auto-proxying)
2018-11-03 17:37:15,888 [INFO] [main] o.s.c.s.PostProcessorRegistrationDelegate$BeanPostProcessorChecker [Jdk14Logger.java : 99] Bean 'lettuceClientResources' of type [io.lettuce.core.resource.DefaultClientResources] is not eligible for getting processed by all BeanPostProcessors (for example: not eligible for auto-proxying)
2018-11-03 17:37:16,157 [INFO] [main] o.s.c.s.PostProcessorRegistrationDelegate$BeanPostProcessorChecker [Jdk14Logger.java : 99] Bean 'redisConnectionFactory' of type [org.springframework.data.redis.connection.lettuce.LettuceConnectionFactory] is not eligible for getting processed by all BeanPostProcessors (for example: not eligible for auto-proxying)
2018-11-03 17:37:16,159 [INFO] [main] o.s.c.s.PostProcessorRegistrationDelegate$BeanPostProcessorChecker [Jdk14Logger.java : 99] Bean 'redisConfig' of type [io.renren.common.config.RedisConfig$$EnhancerBySpringCGLIB$$38f253de] is not eligible for getting processed by all BeanPostProcessors (for example: not eligible for auto-proxying)
2018-11-03 17:37:16,240 [INFO] [main] o.s.c.s.PostProcessorRegistrationDelegate$BeanPostProcessorChecker [Jdk14Logger.java : 99] Bean 'redisTemplate' of type [org.springframework.data.redis.core.RedisTemplate] is not eligible for getting processed by all BeanPostProcessors (for example: not eligible for auto-proxying)
2018-11-03 17:37:16,243 [INFO] [main] o.s.c.s.PostProcessorRegistrationDelegate$BeanPostProcessorChecker [Jdk14Logger.java : 99] Bean 'redisShiroSessionDAO' of type [io.renren.modules.sys.shiro.RedisShiroSessionDAO] is not eligible for getting processed by all BeanPostProcessors (for example: not eligible for auto-proxying)
2018-11-03 17:37:16,306 [INFO] [main] o.s.c.s.PostProcessorRegistrationDelegate$BeanPostProcessorChecker [Jdk14Logger.java : 99] Bean 'sessionManager' of type [org.apache.shiro.web.session.mgt.DefaultWebSessionManager] is not eligible for getting processed by all BeanPostProcessors (for example: not eligible for auto-proxying)
2018-11-03 17:37:22,202 [INFO] [main] o.s.c.s.PostProcessorRegistrationDelegate$BeanPostProcessorChecker [Jdk14Logger.java : 99] Bean 'securityManager' of type [org.apache.shiro.web.mgt.DefaultWebSecurityManager] is not eligible for getting processed by all BeanPostProcessors (for example: not eligible for auto-proxying)
2018-11-03 17:37:22,394 [INFO] [main] o.s.c.s.PostProcessorRegistrationDelegate$BeanPostProcessorChecker [Jdk14Logger.java : 99] Bean 'authorizationAttributeSourceAdvisor' of type [org.apache.shiro.spring.security.interceptor.AuthorizationAttributeSourceAdvisor] is not eligible for getting processed by all BeanPostProcessors (for example: not eligible for auto-proxying)
2018-11-03 17:37:22,599 [INFO] [main] o.s.c.s.PostProcessorRegistrationDelegate$BeanPostProcessorChecker [Jdk14Logger.java : 99] Bean 'org.springframework.transaction.annotation.ProxyTransactionManagementConfiguration' of type [org.springframework.transaction.annotation.ProxyTransactionManagementConfiguration$$EnhancerBySpringCGLIB$$4818928b] is not eligible for getting processed by all BeanPostProcessors (for example: not eligible for auto-proxying)
2018-11-03 17:37:25,897 [INFO] [main] org.springframework.boot.web.embedded.tomcat.TomcatWebServer [Jdk14Logger.java : 99] Tomcat initialized with port(s): 8080 (http)
2018-11-03 17:37:25,982 [INFO] [main] org.apache.catalina.core.StandardService [DirectJDKLog.java : 180] Starting service [Tomcat]
2018-11-03 17:37:25,983 [INFO] [main] org.apache.catalina.core.StandardEngine [DirectJDKLog.java : 180] Starting Servlet Engine: Apache Tomcat/8.5.34
2018-11-03 17:37:26,006 [INFO] [localhost-startStop-1] org.apache.catalina.core.AprLifecycleListener [DirectJDKLog.java : 180] The APR based Apache Tomcat Native library which allows optimal performance in production environments was not found on the java.library.path: [F:\Program Files\Java\jdk1.8.0_152\bin;C:\WINDOWS\Sun\Java\bin;C:\WINDOWS\system32;C:\WINDOWS;F:\Program Files\Java\jdk1.8.0_152\bin;F:\Program Files\Java\jdk1.8.0_152\jre\bin;C:\WINDOWS\system32;C:\WINDOWS;C:\WINDOWS\System32\Wbem;C:\WINDOWS\System32\WindowsPowerShell\v1.0\;F:\Program Files\nodejs\;C:\WINDOWS\System32\OpenSSH\;F:\Python27\Scripts\;F:\Python27\;C:\Users\ljw\AppData\Local\Microsoft\WindowsApps;C:\Users\ljw\AppData\Roaming\npm;C:\Users\ljw\AppData\Local\.meteor\;C:\Users\ljw\AppData\Local\Apps\cURL\bin;C:\ProgramData\ljw\GitHubDesktop\bin;C:\Program Files\Git\cmd\;F:\SpringCloud\maven3.3.3\maven3.3.3\bin;;%USERPROFILE%\AppData\Local\Microsoft\WindowsApps;.]
2018-11-03 17:37:27,121 [INFO] [localhost-startStop-1] o.a.c.c.ContainerBase.[Tomcat].[localhost].[/renren-admin] [DirectJDKLog.java : 180] Initializing Spring embedded WebApplicationContext
2018-11-03 17:37:27,122 [INFO] [localhost-startStop-1] org.springframework.web.context.ContextLoader [Jdk14Logger.java : 99] Root WebApplicationContext: initialization completed in 20970 ms
2018-11-03 17:37:28,309 [INFO] [localhost-startStop-1] org.springframework.boot.web.servlet.FilterRegistrationBean [Jdk14Logger.java : 99] Mapping filter: 'characterEncodingFilter' to: [/*]
2018-11-03 17:37:28,312 [INFO] [localhost-startStop-1] org.springframework.boot.web.servlet.FilterRegistrationBean [Jdk14Logger.java : 99] Mapping filter: 'hiddenHttpMethodFilter' to: [/*]
2018-11-03 17:37:28,313 [INFO] [localhost-startStop-1] org.springframework.boot.web.servlet.FilterRegistrationBean [Jdk14Logger.java : 99] Mapping filter: 'httpPutFormContentFilter' to: [/*]
2018-11-03 17:37:28,314 [INFO] [localhost-startStop-1] org.springframework.boot.web.servlet.FilterRegistrationBean [Jdk14Logger.java : 99] Mapping filter: 'requestContextFilter' to: [/*]
2018-11-03 17:37:28,315 [INFO] [localhost-startStop-1] org.springframework.boot.web.servlet.FilterRegistrationBean [Jdk14Logger.java : 99] Mapping filter: 'delegatingFilterProxy' to urls: [/*]
2018-11-03 17:37:28,316 [INFO] [localhost-startStop-1] org.springframework.boot.web.servlet.FilterRegistrationBean [Jdk14Logger.java : 99] Mapping filter: 'xssFilter' to urls: [/*]
2018-11-03 17:37:28,316 [INFO] [localhost-startStop-1] org.springframework.boot.web.servlet.FilterRegistrationBean [Jdk14Logger.java : 99] Mapping filter: 'webStatFilter' to urls: [/*]
2018-11-03 17:37:28,318 [INFO] [localhost-startStop-1] org.springframework.boot.web.servlet.FilterRegistrationBean [Jdk14Logger.java : 99] Mapping filter: 'shiroFilter' to: [/*]
2018-11-03 17:37:28,320 [INFO] [localhost-startStop-1] org.springframework.boot.web.servlet.ServletRegistrationBean [Jdk14Logger.java : 99] Servlet dispatcherServlet mapped to [/]
2018-11-03 17:37:28,324 [INFO] [localhost-startStop-1] org.springframework.boot.web.servlet.ServletRegistrationBean [Jdk14Logger.java : 99] Servlet statViewServlet mapped to [/druid/*]
2018-11-03 17:37:30,900 [INFO] [main] org.quartz.impl.StdSchedulerFactory [StdSchedulerFactory.java : 1208] Using default implementation for ThreadExecutor
2018-11-03 17:37:30,951 [INFO] [main] org.quartz.core.SchedulerSignalerImpl [SchedulerSignalerImpl.java : 61] Initialized Scheduler Signaller of type: class org.quartz.core.SchedulerSignalerImpl
2018-11-03 17:37:30,952 [INFO] [main] org.quartz.core.QuartzScheduler [QuartzScheduler.java : 229] Quartz Scheduler v.2.3.0 created.
2018-11-03 17:37:30,967 [INFO] [main] o.springframework.scheduling.quartz.LocalDataSourceJobStore [JobStoreSupport.java : 672] Using db table-based data access locking (synchronization).
2018-11-03 17:37:30,972 [INFO] [main] o.springframework.scheduling.quartz.LocalDataSourceJobStore [JobStoreCMT.java : 145] JobStoreCMT initialized.
2018-11-03 17:37:30,975 [INFO] [main] org.quartz.core.QuartzScheduler [QuartzScheduler.java : 294] Scheduler meta-data: Quartz Scheduler (v2.3.0) 'RenrenScheduler' with instanceId 'wangdh1541237850908'
  Scheduler class: 'org.quartz.core.QuartzScheduler' - running locally.
  NOT STARTED.
  Currently in standby mode.
  Number of jobs executed: 0
  Using thread pool 'org.quartz.simpl.SimpleThreadPool' - with 20 threads.
  Using job-store 'org.springframework.scheduling.quartz.LocalDataSourceJobStore' - which supports persistence. and is clustered.

2018-11-03 17:37:30,977 [INFO] [main] org.quartz.impl.StdSchedulerFactory [StdSchedulerFactory.java : 1362] Quartz scheduler 'RenrenScheduler' initialized from an externally provided properties instance.
2018-11-03 17:37:30,977 [INFO] [main] org.quartz.impl.StdSchedulerFactory [StdSchedulerFactory.java : 1366] Quartz scheduler version: 2.3.0
2018-11-03 17:37:30,983 [INFO] [main] org.quartz.core.QuartzScheduler [QuartzScheduler.java : 2287] JobFactory set to: org.springframework.scheduling.quartz.AdaptableJobFactory@39da5e49
2018-11-03 17:37:31,183 [DEBUG] [main] io.renren.modules.job.dao.ScheduleJobDao.selectList [BaseJdbcLogger.java : 159] ==>  Preparing: SELECT job_id AS jobId,bean_name AS beanName,method_name AS methodName,params,cron_expression AS cronExpression,`status`,remark,create_time AS createTime FROM schedule_job 
2018-11-03 17:37:31,253 [DEBUG] [main] io.renren.modules.job.dao.ScheduleJobDao.selectList [BaseJdbcLogger.java : 159] ==> Parameters: 
2018-11-03 17:37:31,320 [DEBUG] [main] io.renren.modules.job.dao.ScheduleJobDao.selectList [BaseJdbcLogger.java : 159] <==      Total: 0
2018-11-03 17:37:36,550 [INFO] [main] o.s.w.s.mvc.method.annotation.RequestMappingHandlerMapping [Jdk14Logger.java : 99] Mapped "{[/sys/schedule/run]}" onto public io.renren.common.utils.R io.renren.modules.job.controller.ScheduleJobController.run(java.lang.Long[])
2018-11-03 17:37:36,554 [INFO] [main] o.s.w.s.mvc.method.annotation.RequestMappingHandlerMapping [Jdk14Logger.java : 99] Mapped "{[/sys/schedule/update]}" onto public io.renren.common.utils.R io.renren.modules.job.controller.ScheduleJobController.update(io.renren.modules.job.entity.ScheduleJobEntity)
2018-11-03 17:37:36,556 [INFO] [main] o.s.w.s.mvc.method.annotation.RequestMappingHandlerMapping [Jdk14Logger.java : 99] Mapped "{[/sys/schedule/delete]}" onto public io.renren.common.utils.R io.renren.modules.job.controller.ScheduleJobController.delete(java.lang.Long[])
2018-11-03 17:37:36,563 [INFO] [main] o.s.w.s.mvc.method.annotation.RequestMappingHandlerMapping [Jdk14Logger.java : 99] Mapped "{[/sys/schedule/resume]}" onto public io.renren.common.utils.R io.renren.modules.job.controller.ScheduleJobController.resume(java.lang.Long[])
2018-11-03 17:37:36,567 [INFO] [main] o.s.w.s.mvc.method.annotation.RequestMappingHandlerMapping [Jdk14Logger.java : 99] Mapped "{[/sys/schedule/list]}" onto public io.renren.common.utils.R io.renren.modules.job.controller.ScheduleJobController.list(java.util.Map<java.lang.String, java.lang.Object>)
2018-11-03 17:37:36,570 [INFO] [main] o.s.w.s.mvc.method.annotation.RequestMappingHandlerMapping [Jdk14Logger.java : 99] Mapped "{[/sys/schedule/save]}" onto public io.renren.common.utils.R io.renren.modules.job.controller.ScheduleJobController.save(io.renren.modules.job.entity.ScheduleJobEntity)
2018-11-03 17:37:36,575 [INFO] [main] o.s.w.s.mvc.method.annotation.RequestMappingHandlerMapping [Jdk14Logger.java : 99] Mapped "{[/sys/schedule/info/{jobId}]}" onto public io.renren.common.utils.R io.renren.modules.job.controller.ScheduleJobController.info(java.lang.Long)
2018-11-03 17:37:36,579 [INFO] [main] o.s.w.s.mvc.method.annotation.RequestMappingHandlerMapping [Jdk14Logger.java : 99] Mapped "{[/sys/schedule/pause]}" onto public io.renren.common.utils.R io.renren.modules.job.controller.ScheduleJobController.pause(java.lang.Long[])
2018-11-03 17:37:36,595 [INFO] [main] o.s.w.s.mvc.method.annotation.RequestMappingHandlerMapping [Jdk14Logger.java : 99] Mapped "{[/sys/scheduleLog/list]}" onto public io.renren.common.utils.R io.renren.modules.job.controller.ScheduleJobLogController.list(java.util.Map<java.lang.String, java.lang.Object>)
2018-11-03 17:37:36,598 [INFO] [main] o.s.w.s.mvc.method.annotation.RequestMappingHandlerMapping [Jdk14Logger.java : 99] Mapped "{[/sys/scheduleLog/info/{logId}]}" onto public io.renren.common.utils.R io.renren.modules.job.controller.ScheduleJobLogController.info(java.lang.Long)
2018-11-03 17:37:36,609 [INFO] [main] o.s.w.s.mvc.method.annotation.RequestMappingHandlerMapping [Jdk14Logger.java : 99] Mapped "{[/sys/oss/delete]}" onto public io.renren.common.utils.R io.renren.modules.oss.controller.SysOssController.delete(java.lang.Long[])
2018-11-03 17:37:36,611 [INFO] [main] o.s.w.s.mvc.method.annotation.RequestMappingHandlerMapping [Jdk14Logger.java : 99] Mapped "{[/sys/oss/list]}" onto public io.renren.common.utils.R io.renren.modules.oss.controller.SysOssController.list(java.util.Map<java.lang.String, java.lang.Object>)
2018-11-03 17:37:36,615 [INFO] [main] o.s.w.s.mvc.method.annotation.RequestMappingHandlerMapping [Jdk14Logger.java : 99] Mapped "{[/sys/oss/config]}" onto public io.renren.common.utils.R io.renren.modules.oss.controller.SysOssController.config()
2018-11-03 17:37:36,622 [INFO] [main] o.s.w.s.mvc.method.annotation.RequestMappingHandlerMapping [Jdk14Logger.java : 99] Mapped "{[/sys/oss/saveConfig]}" onto public io.renren.common.utils.R io.renren.modules.oss.controller.SysOssController.saveConfig(io.renren.modules.oss.cloud.CloudStorageConfig)
2018-11-03 17:37:36,630 [INFO] [main] o.s.w.s.mvc.method.annotation.RequestMappingHandlerMapping [Jdk14Logger.java : 99] Mapped "{[/sys/oss/upload]}" onto public io.renren.common.utils.R io.renren.modules.oss.controller.SysOssController.upload(org.springframework.web.multipart.MultipartFile) throws java.lang.Exception
2018-11-03 17:37:36,634 [INFO] [main] o.s.w.s.mvc.method.annotation.RequestMappingHandlerMapping [Jdk14Logger.java : 99] Mapped "{[/sys/config/update]}" onto public io.renren.common.utils.R io.renren.modules.sys.controller.SysConfigController.update(io.renren.modules.sys.entity.SysConfigEntity)
2018-11-03 17:37:36,636 [INFO] [main] o.s.w.s.mvc.method.annotation.RequestMappingHandlerMapping [Jdk14Logger.java : 99] Mapped "{[/sys/config/delete]}" onto public io.renren.common.utils.R io.renren.modules.sys.controller.SysConfigController.delete(java.lang.Long[])
2018-11-03 17:37:36,639 [INFO] [main] o.s.w.s.mvc.method.annotation.RequestMappingHandlerMapping [Jdk14Logger.java : 99] Mapped "{[/sys/config/list]}" onto public io.renren.common.utils.R io.renren.modules.sys.controller.SysConfigController.list(java.util.Map<java.lang.String, java.lang.Object>)
2018-11-03 17:37:36,640 [INFO] [main] o.s.w.s.mvc.method.annotation.RequestMappingHandlerMapping [Jdk14Logger.java : 99] Mapped "{[/sys/config/save]}" onto public io.renren.common.utils.R io.renren.modules.sys.controller.SysConfigController.save(io.renren.modules.sys.entity.SysConfigEntity)
2018-11-03 17:37:36,643 [INFO] [main] o.s.w.s.mvc.method.annotation.RequestMappingHandlerMapping [Jdk14Logger.java : 99] Mapped "{[/sys/config/info/{id}]}" onto public io.renren.common.utils.R io.renren.modules.sys.controller.SysConfigController.info(java.lang.Long)
2018-11-03 17:37:36,649 [INFO] [main] o.s.w.s.mvc.method.annotation.RequestMappingHandlerMapping [Jdk14Logger.java : 99] Mapped "{[/sys/dept/update]}" onto public io.renren.common.utils.R io.renren.modules.sys.controller.SysDeptController.update(io.renren.modules.sys.entity.SysDeptEntity)
2018-11-03 17:37:36,653 [INFO] [main] o.s.w.s.mvc.method.annotation.RequestMappingHandlerMapping [Jdk14Logger.java : 99] Mapped "{[/sys/dept/delete]}" onto public io.renren.common.utils.R io.renren.modules.sys.controller.SysDeptController.delete(long)
2018-11-03 17:37:36,655 [INFO] [main] o.s.w.s.mvc.method.annotation.RequestMappingHandlerMapping [Jdk14Logger.java : 99] Mapped "{[/sys/dept/list]}" onto public java.util.List<io.renren.modules.sys.entity.SysDeptEntity> io.renren.modules.sys.controller.SysDeptController.list()
2018-11-03 17:37:36,657 [INFO] [main] o.s.w.s.mvc.method.annotation.RequestMappingHandlerMapping [Jdk14Logger.java : 99] Mapped "{[/sys/dept/save]}" onto public io.renren.common.utils.R io.renren.modules.sys.controller.SysDeptController.save(io.renren.modules.sys.entity.SysDeptEntity)
2018-11-03 17:37:36,658 [INFO] [main] o.s.w.s.mvc.method.annotation.RequestMappingHandlerMapping [Jdk14Logger.java : 99] Mapped "{[/sys/dept/info/{deptId}]}" onto public io.renren.common.utils.R io.renren.modules.sys.controller.SysDeptController.info(java.lang.Long)
2018-11-03 17:37:36,660 [INFO] [main] o.s.w.s.mvc.method.annotation.RequestMappingHandlerMapping [Jdk14Logger.java : 99] Mapped "{[/sys/dept/info]}" onto public io.renren.common.utils.R io.renren.modules.sys.controller.SysDeptController.info()
2018-11-03 17:37:36,662 [INFO] [main] o.s.w.s.mvc.method.annotation.RequestMappingHandlerMapping [Jdk14Logger.java : 99] Mapped "{[/sys/dept/select]}" onto public io.renren.common.utils.R io.renren.modules.sys.controller.SysDeptController.select()
2018-11-03 17:37:36,665 [INFO] [main] o.s.w.s.mvc.method.annotation.RequestMappingHandlerMapping [Jdk14Logger.java : 99] Mapped "{[/sys/dict/update]}" onto public io.renren.common.utils.R io.renren.modules.sys.controller.SysDictController.update(io.renren.modules.sys.entity.SysDictEntity)
2018-11-03 17:37:36,668 [INFO] [main] o.s.w.s.mvc.method.annotation.RequestMappingHandlerMapping [Jdk14Logger.java : 99] Mapped "{[/sys/dict/delete]}" onto public io.renren.common.utils.R io.renren.modules.sys.controller.SysDictController.delete(java.lang.Long[])
2018-11-03 17:37:36,671 [INFO] [main] o.s.w.s.mvc.method.annotation.RequestMappingHandlerMapping [Jdk14Logger.java : 99] Mapped "{[/sys/dict/list]}" onto public io.renren.common.utils.R io.renren.modules.sys.controller.SysDictController.list(java.util.Map<java.lang.String, java.lang.Object>)
2018-11-03 17:37:36,673 [INFO] [main] o.s.w.s.mvc.method.annotation.RequestMappingHandlerMapping [Jdk14Logger.java : 99] Mapped "{[/sys/dict/save]}" onto public io.renren.common.utils.R io.renren.modules.sys.controller.SysDictController.save(io.renren.modules.sys.entity.SysDictEntity)
2018-11-03 17:37:36,676 [INFO] [main] o.s.w.s.mvc.method.annotation.RequestMappingHandlerMapping [Jdk14Logger.java : 99] Mapped "{[/sys/dict/info/{id}]}" onto public io.renren.common.utils.R io.renren.modules.sys.controller.SysDictController.info(java.lang.Long)
2018-11-03 17:37:36,679 [INFO] [main] o.s.w.s.mvc.method.annotation.RequestMappingHandlerMapping [Jdk14Logger.java : 99] Mapped "{[/sys/log/list]}" onto public io.renren.common.utils.R io.renren.modules.sys.controller.SysLogController.list(java.util.Map<java.lang.String, java.lang.Object>)
2018-11-03 17:37:36,681 [INFO] [main] o.s.w.s.mvc.method.annotation.RequestMappingHandlerMapping [Jdk14Logger.java : 99] Mapped "{[/captcha.jpg]}" onto public void io.renren.modules.sys.controller.SysLoginController.captcha(javax.servlet.http.HttpServletResponse) throws java.io.IOException
2018-11-03 17:37:36,683 [INFO] [main] o.s.w.s.mvc.method.annotation.RequestMappingHandlerMapping [Jdk14Logger.java : 99] Mapped "{[/sys/login],methods=[POST]}" onto public io.renren.common.utils.R io.renren.modules.sys.controller.SysLoginController.login(java.lang.String,java.lang.String,java.lang.String)
2018-11-03 17:37:36,685 [INFO] [main] o.s.w.s.mvc.method.annotation.RequestMappingHandlerMapping [Jdk14Logger.java : 99] Mapped "{[/logout],methods=[GET]}" onto public java.lang.String io.renren.modules.sys.controller.SysLoginController.logout()
2018-11-03 17:37:36,688 [INFO] [main] o.s.w.s.mvc.method.annotation.RequestMappingHandlerMapping [Jdk14Logger.java : 99] Mapped "{[/sys/menu/update]}" onto public io.renren.common.utils.R io.renren.modules.sys.controller.SysMenuController.update(io.renren.modules.sys.entity.SysMenuEntity)
2018-11-03 17:37:36,690 [INFO] [main] o.s.w.s.mvc.method.annotation.RequestMappingHandlerMapping [Jdk14Logger.java : 99] Mapped "{[/sys/menu/delete]}" onto public io.renren.common.utils.R io.renren.modules.sys.controller.SysMenuController.delete(long)
2018-11-03 17:37:36,691 [INFO] [main] o.s.w.s.mvc.method.annotation.RequestMappingHandlerMapping [Jdk14Logger.java : 99] Mapped "{[/sys/menu/list]}" onto public java.util.List<io.renren.modules.sys.entity.SysMenuEntity> io.renren.modules.sys.controller.SysMenuController.list()
2018-11-03 17:37:36,693 [INFO] [main] o.s.w.s.mvc.method.annotation.RequestMappingHandlerMapping [Jdk14Logger.java : 99] Mapped "{[/sys/menu/save]}" onto public io.renren.common.utils.R io.renren.modules.sys.controller.SysMenuController.save(io.renren.modules.sys.entity.SysMenuEntity)
2018-11-03 17:37:36,695 [INFO] [main] o.s.w.s.mvc.method.annotation.RequestMappingHandlerMapping [Jdk14Logger.java : 99] Mapped "{[/sys/menu/info/{menuId}]}" onto public io.renren.common.utils.R io.renren.modules.sys.controller.SysMenuController.info(java.lang.Long)
2018-11-03 17:37:36,696 [INFO] [main] o.s.w.s.mvc.method.annotation.RequestMappingHandlerMapping [Jdk14Logger.java : 99] Mapped "{[/sys/menu/select]}" onto public io.renren.common.utils.R io.renren.modules.sys.controller.SysMenuController.select()
2018-11-03 17:37:36,698 [INFO] [main] o.s.w.s.mvc.method.annotation.RequestMappingHandlerMapping [Jdk14Logger.java : 99] Mapped "{[/sys/menu/nav]}" onto public io.renren.common.utils.R io.renren.modules.sys.controller.SysMenuController.nav()
2018-11-03 17:37:36,700 [INFO] [main] o.s.w.s.mvc.method.annotation.RequestMappingHandlerMapping [Jdk14Logger.java : 99] Mapped "{[/ || /index.html]}" onto public java.lang.String io.renren.modules.sys.controller.SysPageController.index()
2018-11-03 17:37:36,703 [INFO] [main] o.s.w.s.mvc.method.annotation.RequestMappingHandlerMapping [Jdk14Logger.java : 99] Mapped "{[/main.html]}" onto public java.lang.String io.renren.modules.sys.controller.SysPageController.main()
2018-11-03 17:37:36,705 [INFO] [main] o.s.w.s.mvc.method.annotation.RequestMappingHandlerMapping [Jdk14Logger.java : 99] Mapped "{[/index1.html]}" onto public java.lang.String io.renren.modules.sys.controller.SysPageController.index1()
2018-11-03 17:37:36,706 [INFO] [main] o.s.w.s.mvc.method.annotation.RequestMappingHandlerMapping [Jdk14Logger.java : 99] Mapped "{[/modules/{module}/{url}.html]}" onto public java.lang.String io.renren.modules.sys.controller.SysPageController.module(java.lang.String,java.lang.String)
2018-11-03 17:37:36,710 [INFO] [main] o.s.w.s.mvc.method.annotation.RequestMappingHandlerMapping [Jdk14Logger.java : 99] Mapped "{[/login.html]}" onto public java.lang.String io.renren.modules.sys.controller.SysPageController.login()
2018-11-03 17:37:36,712 [INFO] [main] o.s.w.s.mvc.method.annotation.RequestMappingHandlerMapping [Jdk14Logger.java : 99] Mapped "{[/404.html]}" onto public java.lang.String io.renren.modules.sys.controller.SysPageController.notFound()
2018-11-03 17:37:36,719 [INFO] [main] o.s.w.s.mvc.method.annotation.RequestMappingHandlerMapping [Jdk14Logger.java : 99] Mapped "{[/sys/role/update]}" onto public io.renren.common.utils.R io.renren.modules.sys.controller.SysRoleController.update(io.renren.modules.sys.entity.SysRoleEntity)
2018-11-03 17:37:36,721 [INFO] [main] o.s.w.s.mvc.method.annotation.RequestMappingHandlerMapping [Jdk14Logger.java : 99] Mapped "{[/sys/role/delete]}" onto public io.renren.common.utils.R io.renren.modules.sys.controller.SysRoleController.delete(java.lang.Long[])
2018-11-03 17:37:36,723 [INFO] [main] o.s.w.s.mvc.method.annotation.RequestMappingHandlerMapping [Jdk14Logger.java : 99] Mapped "{[/sys/role/list]}" onto public io.renren.common.utils.R io.renren.modules.sys.controller.SysRoleController.list(java.util.Map<java.lang.String, java.lang.Object>)
2018-11-03 17:37:36,725 [INFO] [main] o.s.w.s.mvc.method.annotation.RequestMappingHandlerMapping [Jdk14Logger.java : 99] Mapped "{[/sys/role/save]}" onto public io.renren.common.utils.R io.renren.modules.sys.controller.SysRoleController.save(io.renren.modules.sys.entity.SysRoleEntity)
2018-11-03 17:37:36,727 [INFO] [main] o.s.w.s.mvc.method.annotation.RequestMappingHandlerMapping [Jdk14Logger.java : 99] Mapped "{[/sys/role/info/{roleId}]}" onto public io.renren.common.utils.R io.renren.modules.sys.controller.SysRoleController.info(java.lang.Long)
2018-11-03 17:37:36,729 [INFO] [main] o.s.w.s.mvc.method.annotation.RequestMappingHandlerMapping [Jdk14Logger.java : 99] Mapped "{[/sys/role/select]}" onto public io.renren.common.utils.R io.renren.modules.sys.controller.SysRoleController.select()
2018-11-03 17:37:36,735 [INFO] [main] o.s.w.s.mvc.method.annotation.RequestMappingHandlerMapping [Jdk14Logger.java : 99] Mapped "{[/sys/user/update]}" onto public io.renren.common.utils.R io.renren.modules.sys.controller.SysUserController.update(io.renren.modules.sys.entity.SysUserEntity)
2018-11-03 17:37:36,737 [INFO] [main] o.s.w.s.mvc.method.annotation.RequestMappingHandlerMapping [Jdk14Logger.java : 99] Mapped "{[/sys/user/delete]}" onto public io.renren.common.utils.R io.renren.modules.sys.controller.SysUserController.delete(java.lang.Long[])
2018-11-03 17:37:36,739 [INFO] [main] o.s.w.s.mvc.method.annotation.RequestMappingHandlerMapping [Jdk14Logger.java : 99] Mapped "{[/sys/user/list]}" onto public io.renren.common.utils.R io.renren.modules.sys.controller.SysUserController.list(java.util.Map<java.lang.String, java.lang.Object>)
2018-11-03 17:37:36,741 [INFO] [main] o.s.w.s.mvc.method.annotation.RequestMappingHandlerMapping [Jdk14Logger.java : 99] Mapped "{[/sys/user/save]}" onto public io.renren.common.utils.R io.renren.modules.sys.controller.SysUserController.save(io.renren.modules.sys.entity.SysUserEntity)
2018-11-03 17:37:36,743 [INFO] [main] o.s.w.s.mvc.method.annotation.RequestMappingHandlerMapping [Jdk14Logger.java : 99] Mapped "{[/sys/user/password]}" onto public io.renren.common.utils.R io.renren.modules.sys.controller.SysUserController.password(java.lang.String,java.lang.String)
2018-11-03 17:37:36,747 [INFO] [main] o.s.w.s.mvc.method.annotation.RequestMappingHandlerMapping [Jdk14Logger.java : 99] Mapped "{[/sys/user/info]}" onto public io.renren.common.utils.R io.renren.modules.sys.controller.SysUserController.info()
2018-11-03 17:37:36,749 [INFO] [main] o.s.w.s.mvc.method.annotation.RequestMappingHandlerMapping [Jdk14Logger.java : 99] Mapped "{[/sys/user/info/{userId}]}" onto public io.renren.common.utils.R io.renren.modules.sys.controller.SysUserController.info(java.lang.Long)
2018-11-03 17:37:36,767 [INFO] [main] o.s.w.s.mvc.method.annotation.RequestMappingHandlerMapping [Jdk14Logger.java : 99] Mapped "{[/swagger-resources/configuration/security]}" onto public org.springframework.http.ResponseEntity<springfox.documentation.swagger.web.SecurityConfiguration> springfox.documentation.swagger.web.ApiResourceController.securityConfiguration()
2018-11-03 17:37:36,771 [INFO] [main] o.s.w.s.mvc.method.annotation.RequestMappingHandlerMapping [Jdk14Logger.java : 99] Mapped "{[/swagger-resources/configuration/ui]}" onto public org.springframework.http.ResponseEntity<springfox.documentation.swagger.web.UiConfiguration> springfox.documentation.swagger.web.ApiResourceController.uiConfiguration()
2018-11-03 17:37:36,774 [INFO] [main] o.s.w.s.mvc.method.annotation.RequestMappingHandlerMapping [Jdk14Logger.java : 99] Mapped "{[/swagger-resources]}" onto public org.springframework.http.ResponseEntity<java.util.List<springfox.documentation.swagger.web.SwaggerResource>> springfox.documentation.swagger.web.ApiResourceController.swaggerResources()
2018-11-03 17:37:36,792 [INFO] [main] o.s.w.s.mvc.method.annotation.RequestMappingHandlerMapping [Jdk14Logger.java : 99] Mapped "{[/error]}" onto public org.springframework.http.ResponseEntity<java.util.Map<java.lang.String, java.lang.Object>> org.springframework.boot.autoconfigure.web.servlet.error.BasicErrorController.error(javax.servlet.http.HttpServletRequest)
2018-11-03 17:37:36,800 [INFO] [main] o.s.w.s.mvc.method.annotation.RequestMappingHandlerMapping [Jdk14Logger.java : 99] Mapped "{[/error],produces=[text/html]}" onto public org.springframework.web.servlet.ModelAndView org.springframework.boot.autoconfigure.web.servlet.error.BasicErrorController.errorHtml(javax.servlet.http.HttpServletRequest,javax.servlet.http.HttpServletResponse)
2018-11-03 17:37:38,078 [INFO] [main] o.s.web.servlet.view.freemarker.FreeMarkerConfigurer [Jdk14Logger.java : 99] ClassTemplateLoader for Spring macros added to FreeMarker configuration
2018-11-03 17:37:38,266 [INFO] [main] s.d.spring.web.PropertySourcedRequestMappingHandlerMapping [Jdk14Logger.java : 99] Mapped URL path [/v2/api-docs] onto method [public org.springframework.http.ResponseEntity<springfox.documentation.spring.web.json.Json> springfox.documentation.swagger2.web.Swagger2Controller.getDocumentation(java.lang.String,javax.servlet.http.HttpServletRequest)]
2018-11-03 17:37:39,008 [INFO] [main] o.s.web.servlet.handler.SimpleUrlHandlerMapping [Jdk14Logger.java : 99] Mapped URL path [/**/favicon.ico] onto handler of type [class org.springframework.web.servlet.resource.ResourceHttpRequestHandler]
2018-11-03 17:37:39,907 [INFO] [main] o.s.w.s.mvc.method.annotation.RequestMappingHandlerAdapter [Jdk14Logger.java : 99] Looking for @ControllerAdvice: org.springframework.boot.web.servlet.context.AnnotationConfigServletWebServerApplicationContext@69fb6037: startup date [Sat Nov 03 17:37:06 CST 2018]; root of context hierarchy
2018-11-03 17:37:40,160 [INFO] [main] o.s.web.servlet.handler.SimpleUrlHandlerMapping [Jdk14Logger.java : 99] Mapped URL path [/webjars/**] onto handler of type [class org.springframework.web.servlet.resource.ResourceHttpRequestHandler]
2018-11-03 17:37:40,161 [INFO] [main] o.s.web.servlet.handler.SimpleUrlHandlerMapping [Jdk14Logger.java : 99] Mapped URL path [/**] onto handler of type [class org.springframework.web.servlet.resource.ResourceHttpRequestHandler]
2018-11-03 17:37:40,161 [INFO] [main] o.s.web.servlet.handler.SimpleUrlHandlerMapping [Jdk14Logger.java : 99] Mapped URL path [/statics/**] onto handler of type [class org.springframework.web.servlet.resource.ResourceHttpRequestHandler]
2018-11-03 17:37:40,241 [INFO] [main] o.s.w.s.m.m.annotation.ExceptionHandlerExceptionResolver [Jdk14Logger.java : 99] Detected @ExceptionHandler methods in RRExceptionHandler
2018-11-03 17:37:40,541 [INFO] [main] o.s.boot.autoconfigure.web.servlet.WelcomePageHandlerMapping [Jdk14Logger.java : 99] Adding welcome page template: index
2018-11-03 17:37:42,628 [INFO] [main] o.s.jmx.export.annotation.AnnotationMBeanExporter [Jdk14Logger.java : 99] Registering beans for JMX exposure on startup
2018-11-03 17:37:42,633 [INFO] [main] o.s.jmx.export.annotation.AnnotationMBeanExporter [Jdk14Logger.java : 99] Bean with name 'firstDataSource' has been autodetected for JMX exposure
2018-11-03 17:37:42,634 [INFO] [main] o.s.jmx.export.annotation.AnnotationMBeanExporter [Jdk14Logger.java : 99] Bean with name 'secondDataSource' has been autodetected for JMX exposure
2018-11-03 17:37:42,637 [INFO] [main] o.s.jmx.export.annotation.AnnotationMBeanExporter [Jdk14Logger.java : 99] Bean with name 'statFilter' has been autodetected for JMX exposure
2018-11-03 17:37:42,657 [INFO] [main] o.s.jmx.export.annotation.AnnotationMBeanExporter [Jdk14Logger.java : 99] Located MBean 'firstDataSource': registering with JMX server as MBean [com.alibaba.druid.spring.boot.autoconfigure:name=firstDataSource,type=DruidDataSourceWrapper]
2018-11-03 17:37:42,661 [INFO] [main] o.s.jmx.export.annotation.AnnotationMBeanExporter [Jdk14Logger.java : 99] Located MBean 'secondDataSource': registering with JMX server as MBean [com.alibaba.druid.spring.boot.autoconfigure:name=secondDataSource,type=DruidDataSourceWrapper]
2018-11-03 17:37:42,665 [INFO] [main] o.s.jmx.export.annotation.AnnotationMBeanExporter [Jdk14Logger.java : 99] Located MBean 'statFilter': registering with JMX server as MBean [com.alibaba.druid.filter.stat:name=statFilter,type=StatFilter]
2018-11-03 17:37:42,680 [INFO] [main] o.springframework.context.support.DefaultLifecycleProcessor [Jdk14Logger.java : 99] Starting beans in phase 2147483647
2018-11-03 17:37:42,681 [INFO] [main] s.d.spring.web.plugins.DocumentationPluginsBootstrapper [DocumentationPluginsBootstrapper.java : 147] Context refreshed
2018-11-03 17:37:42,737 [INFO] [main] s.d.spring.web.plugins.DocumentationPluginsBootstrapper [DocumentationPluginsBootstrapper.java : 150] Found 1 custom documentation plugin(s)
2018-11-03 17:37:42,872 [INFO] [main] s.d.spring.web.scanners.ApiListingReferenceScanner [ApiListingReferenceScanner.java : 41] Scanning for api listing references
2018-11-03 17:37:42,928 [INFO] [main] org.springframework.scheduling.quartz.SchedulerFactoryBean [Jdk14Logger.java : 99] Will start Quartz Scheduler [RenrenScheduler] in 30 seconds
2018-11-03 17:37:43,992 [INFO] [main] org.springframework.boot.web.embedded.tomcat.TomcatWebServer [Jdk14Logger.java : 99] Tomcat started on port(s): 8080 (http) with context path '/renren-admin'
2018-11-03 17:37:44,005 [INFO] [main] io.renren.AdminApplication [Jdk14Logger.java : 99] Started AdminApplication in 40.585 seconds (JVM running for 46.201)
2018-11-03 17:37:55,232 [INFO] [http-nio-8080-exec-1] o.a.c.c.ContainerBase.[Tomcat].[localhost].[/renren-admin] [DirectJDKLog.java : 180] Initializing Spring FrameworkServlet 'dispatcherServlet'
2018-11-03 17:37:55,234 [INFO] [http-nio-8080-exec-1] org.springframework.web.servlet.DispatcherServlet [Jdk14Logger.java : 99] FrameworkServlet 'dispatcherServlet': initialization started
2018-11-03 17:37:55,446 [INFO] [http-nio-8080-exec-1] org.springframework.web.servlet.DispatcherServlet [Jdk14Logger.java : 99] FrameworkServlet 'dispatcherServlet': initialization completed in 211 ms
2018-11-03 17:37:55,657 [INFO] [http-nio-8080-exec-1] o.apache.shiro.session.mgt.AbstractValidatingSessionManager [AbstractValidatingSessionManager.java : 233] Enabling session validation scheduler...
2018-11-03 17:38:06,255 [DEBUG] [http-nio-8080-exec-15] io.renren.modules.sys.dao.SysUserDao.selectOne [BaseJdbcLogger.java : 159] ==>  Preparing: SELECT user_id AS userId,username,`password`,salt,email,mobile,`status`,create_time AS createTime,dept_id AS deptId FROM sys_user WHERE username=? 
2018-11-03 17:38:06,258 [DEBUG] [http-nio-8080-exec-15] io.renren.modules.sys.dao.SysUserDao.selectOne [BaseJdbcLogger.java : 159] ==> Parameters: admin(String)
2018-11-03 17:38:06,275 [DEBUG] [http-nio-8080-exec-15] io.renren.modules.sys.dao.SysUserDao.selectOne [BaseJdbcLogger.java : 159] <==      Total: 1
2018-11-03 17:38:10,575 [DEBUG] [http-nio-8080-exec-16] io.renren.modules.sys.dao.SysUserDao.selectOne [BaseJdbcLogger.java : 159] ==>  Preparing: SELECT user_id AS userId,username,`password`,salt,email,mobile,`status`,create_time AS createTime,dept_id AS deptId FROM sys_user WHERE username=? 
2018-11-03 17:38:10,577 [DEBUG] [http-nio-8080-exec-16] io.renren.modules.sys.dao.SysUserDao.selectOne [BaseJdbcLogger.java : 159] ==> Parameters: admin(String)
2018-11-03 17:38:10,583 [DEBUG] [http-nio-8080-exec-16] io.renren.modules.sys.dao.SysUserDao.selectOne [BaseJdbcLogger.java : 159] <==      Total: 1
2018-11-03 17:38:11,286 [DEBUG] [http-nio-8080-exec-25] io.renren.modules.sys.dao.SysMenuDao.queryListParentId [BaseJdbcLogger.java : 159] ==>  Preparing: select * from sys_menu where parent_id = ? order by order_num asc 
2018-11-03 17:38:11,290 [DEBUG] [http-nio-8080-exec-25] io.renren.modules.sys.dao.SysMenuDao.queryListParentId [BaseJdbcLogger.java : 159] ==> Parameters: 0(Long)
2018-11-03 17:38:11,309 [DEBUG] [http-nio-8080-exec-25] io.renren.modules.sys.dao.SysMenuDao.queryListParentId [BaseJdbcLogger.java : 159] <==      Total: 6
2018-11-03 17:38:11,315 [DEBUG] [http-nio-8080-exec-25] io.renren.modules.sys.dao.SysMenuDao.queryListParentId [BaseJdbcLogger.java : 159] ==>  Preparing: select * from sys_menu where parent_id = ? order by order_num asc 
2018-11-03 17:38:11,317 [DEBUG] [http-nio-8080-exec-25] io.renren.modules.sys.dao.SysMenuDao.queryListParentId [BaseJdbcLogger.java : 159] ==> Parameters: 1(Long)
2018-11-03 17:38:11,332 [DEBUG] [http-nio-8080-exec-25] io.renren.modules.sys.dao.SysMenuDao.queryListParentId [BaseJdbcLogger.java : 159] <==      Total: 10
2018-11-03 17:38:11,335 [DEBUG] [http-nio-8080-exec-25] io.renren.modules.sys.dao.SysMenuDao.queryListParentId [BaseJdbcLogger.java : 159] ==>  Preparing: select * from sys_menu where parent_id = ? order by order_num asc 
2018-11-03 17:38:11,337 [DEBUG] [http-nio-8080-exec-25] io.renren.modules.sys.dao.SysMenuDao.queryListParentId [BaseJdbcLogger.java : 159] ==> Parameters: 41(Long)
2018-11-03 17:38:11,344 [DEBUG] [http-nio-8080-exec-25] io.renren.modules.sys.dao.SysMenuDao.queryListParentId [BaseJdbcLogger.java : 159] <==      Total: 5
2018-11-03 17:38:11,347 [DEBUG] [http-nio-8080-exec-25] io.renren.modules.sys.dao.SysMenuDao.queryListParentId [BaseJdbcLogger.java : 159] ==>  Preparing: select * from sys_menu where parent_id = ? order by order_num asc 
2018-11-03 17:38:11,348 [DEBUG] [http-nio-8080-exec-25] io.renren.modules.sys.dao.SysMenuDao.queryListParentId [BaseJdbcLogger.java : 159] ==> Parameters: 47(Long)
2018-11-03 17:38:11,353 [DEBUG] [http-nio-8080-exec-25] io.renren.modules.sys.dao.SysMenuDao.queryListParentId [BaseJdbcLogger.java : 159] <==      Total: 2
2018-11-03 17:38:11,357 [DEBUG] [http-nio-8080-exec-25] io.renren.modules.sys.dao.SysMenuDao.queryListParentId [BaseJdbcLogger.java : 159] ==>  Preparing: select * from sys_menu where parent_id = ? order by order_num asc 
2018-11-03 17:38:11,358 [DEBUG] [http-nio-8080-exec-25] io.renren.modules.sys.dao.SysMenuDao.queryListParentId [BaseJdbcLogger.java : 159] ==> Parameters: 50(Long)
2018-11-03 17:38:11,363 [DEBUG] [http-nio-8080-exec-25] io.renren.modules.sys.dao.SysMenuDao.queryListParentId [BaseJdbcLogger.java : 159] <==      Total: 1
2018-11-03 17:38:11,366 [DEBUG] [http-nio-8080-exec-25] io.renren.modules.sys.dao.SysMenuDao.queryListParentId [BaseJdbcLogger.java : 159] ==>  Preparing: select * from sys_menu where parent_id = ? order by order_num asc 
2018-11-03 17:38:11,368 [DEBUG] [http-nio-8080-exec-25] io.renren.modules.sys.dao.SysMenuDao.queryListParentId [BaseJdbcLogger.java : 159] ==> Parameters: 52(Long)
2018-11-03 17:38:11,377 [DEBUG] [http-nio-8080-exec-25] io.renren.modules.sys.dao.SysMenuDao.queryListParentId [BaseJdbcLogger.java : 159] <==      Total: 0
2018-11-03 17:38:11,380 [DEBUG] [http-nio-8080-exec-25] io.renren.modules.sys.dao.SysMenuDao.queryListParentId [BaseJdbcLogger.java : 159] ==>  Preparing: select * from sys_menu where parent_id = ? order by order_num asc 
2018-11-03 17:38:11,455 [DEBUG] [http-nio-8080-exec-25] io.renren.modules.sys.dao.SysMenuDao.queryListParentId [BaseJdbcLogger.java : 159] ==> Parameters: 53(Long)
2018-11-03 17:38:11,459 [DEBUG] [http-nio-8080-exec-25] io.renren.modules.sys.dao.SysMenuDao.queryListParentId [BaseJdbcLogger.java : 159] <==      Total: 1
2018-11-03 17:38:12,933 [INFO] [Quartz Scheduler [RenrenScheduler]] org.springframework.scheduling.quartz.SchedulerFactoryBean [Jdk14Logger.java : 99] Starting Quartz Scheduler now, after delay of 30 seconds
2018-11-03 17:38:13,002 [INFO] [Quartz Scheduler [RenrenScheduler]] o.springframework.scheduling.quartz.LocalDataSourceJobStore [JobStoreSupport.java : 3629] ClusterManager: detected 1 failed or restarted instances.
2018-11-03 17:38:13,003 [INFO] [Quartz Scheduler [RenrenScheduler]] o.springframework.scheduling.quartz.LocalDataSourceJobStore [JobStoreSupport.java : 3488] ClusterManager: Scanning for instance "wangdh1541152119277"'s failed in-progress jobs.
2018-11-03 17:38:13,019 [INFO] [Quartz Scheduler [RenrenScheduler]] org.quartz.core.QuartzScheduler [QuartzScheduler.java : 547] Scheduler RenrenScheduler_$_wangdh1541237850908 started.
2018-11-03 17:42:41,134 [DEBUG] [http-nio-8080-exec-16] io.renren.modules.sys.dao.SysMenuDao.selectList [BaseJdbcLogger.java : 159] ==>  Preparing: SELECT menu_id AS menuId,parent_id AS parentId,`name`,url,perms,`type`,icon,order_num AS orderNum FROM sys_menu 
2018-11-03 17:42:41,136 [DEBUG] [http-nio-8080-exec-16] io.renren.modules.sys.dao.SysMenuDao.selectList [BaseJdbcLogger.java : 159] ==> Parameters: 
2018-11-03 17:42:41,159 [DEBUG] [http-nio-8080-exec-16] io.renren.modules.sys.dao.SysMenuDao.selectList [BaseJdbcLogger.java : 159] <==      Total: 53
2018-11-03 17:42:41,171 [DEBUG] [http-nio-8080-exec-16] io.renren.modules.sys.dao.SysMenuDao.selectList [BaseJdbcLogger.java : 159] ==>  Preparing: SELECT menu_id AS menuId,parent_id AS parentId,`name`,url,perms,`type`,icon,order_num AS orderNum FROM sys_menu 
2018-11-03 17:42:41,173 [DEBUG] [http-nio-8080-exec-16] io.renren.modules.sys.dao.SysMenuDao.selectList [BaseJdbcLogger.java : 159] ==> Parameters: 
2018-11-03 17:42:41,191 [DEBUG] [http-nio-8080-exec-16] io.renren.modules.sys.dao.SysMenuDao.selectList [BaseJdbcLogger.java : 159] <==      Total: 53
2018-11-03 17:42:41,195 [DEBUG] [http-nio-8080-exec-16] io.renren.modules.sys.dao.SysMenuDao.selectList [BaseJdbcLogger.java : 159] ==>  Preparing: SELECT menu_id AS menuId,parent_id AS parentId,`name`,url,perms,`type`,icon,order_num AS orderNum FROM sys_menu 
2018-11-03 17:42:41,197 [DEBUG] [http-nio-8080-exec-16] io.renren.modules.sys.dao.SysMenuDao.selectList [BaseJdbcLogger.java : 159] ==> Parameters: 
2018-11-03 17:42:41,210 [DEBUG] [http-nio-8080-exec-16] io.renren.modules.sys.dao.SysMenuDao.selectList [BaseJdbcLogger.java : 159] <==      Total: 53
2018-11-03 17:42:42,133 [DEBUG] [http-nio-8080-exec-1] io.renren.modules.sys.dao.SysMenuDao.selectList [BaseJdbcLogger.java : 159] ==>  Preparing: SELECT menu_id AS menuId,parent_id AS parentId,`name`,url,perms,`type`,icon,order_num AS orderNum FROM sys_menu 
2018-11-03 17:42:42,135 [DEBUG] [http-nio-8080-exec-1] io.renren.modules.sys.dao.SysMenuDao.selectList [BaseJdbcLogger.java : 159] ==> Parameters: 
2018-11-03 17:42:42,147 [DEBUG] [http-nio-8080-exec-1] io.renren.modules.sys.dao.SysMenuDao.selectList [BaseJdbcLogger.java : 159] <==      Total: 53
2018-11-03 17:42:42,151 [DEBUG] [http-nio-8080-exec-1] io.renren.modules.sys.dao.SysMenuDao.selectList [BaseJdbcLogger.java : 159] ==>  Preparing: SELECT menu_id AS menuId,parent_id AS parentId,`name`,url,perms,`type`,icon,order_num AS orderNum FROM sys_menu 
2018-11-03 17:42:42,153 [DEBUG] [http-nio-8080-exec-1] io.renren.modules.sys.dao.SysMenuDao.selectList [BaseJdbcLogger.java : 159] ==> Parameters: 
2018-11-03 17:42:42,165 [DEBUG] [http-nio-8080-exec-1] io.renren.modules.sys.dao.SysMenuDao.selectList [BaseJdbcLogger.java : 159] <==      Total: 53
2018-11-03 17:42:42,175 [DEBUG] [http-nio-8080-exec-1] io.renren.modules.sys.dao.SysMenuDao.selectList [BaseJdbcLogger.java : 159] ==>  Preparing: SELECT menu_id AS menuId,parent_id AS parentId,`name`,url,perms,`type`,icon,order_num AS orderNum FROM sys_menu 
2018-11-03 17:42:42,180 [DEBUG] [http-nio-8080-exec-1] io.renren.modules.sys.dao.SysMenuDao.selectList [BaseJdbcLogger.java : 159] ==> Parameters: 
2018-11-03 17:42:42,193 [DEBUG] [http-nio-8080-exec-1] io.renren.modules.sys.dao.SysMenuDao.selectList [BaseJdbcLogger.java : 159] <==      Total: 53
2018-11-03 17:42:42,201 [DEBUG] [http-nio-8080-exec-1] io.renren.modules.sys.dao.SysMenuDao.selectById [BaseJdbcLogger.java : 159] ==>  Preparing: SELECT menu_id AS menuId,parent_id AS parentId,`name`,url,perms,`type`,icon,order_num AS orderNum FROM sys_menu WHERE menu_id=? 
2018-11-03 17:42:42,203 [DEBUG] [http-nio-8080-exec-1] io.renren.modules.sys.dao.SysMenuDao.selectById [BaseJdbcLogger.java : 159] ==> Parameters: 0(Long)
2018-11-03 17:42:42,205 [DEBUG] [http-nio-8080-exec-1] io.renren.modules.sys.dao.SysMenuDao.selectById [BaseJdbcLogger.java : 159] <==      Total: 0
2018-11-03 17:42:42,208 [DEBUG] [http-nio-8080-exec-1] io.renren.modules.sys.dao.SysMenuDao.selectById [BaseJdbcLogger.java : 159] ==>  Preparing: SELECT menu_id AS menuId,parent_id AS parentId,`name`,url,perms,`type`,icon,order_num AS orderNum FROM sys_menu WHERE menu_id=? 
2018-11-03 17:42:42,210 [DEBUG] [http-nio-8080-exec-1] io.renren.modules.sys.dao.SysMenuDao.selectById [BaseJdbcLogger.java : 159] ==> Parameters: 1(Long)
2018-11-03 17:42:42,212 [DEBUG] [http-nio-8080-exec-1] io.renren.modules.sys.dao.SysMenuDao.selectById [BaseJdbcLogger.java : 159] <==      Total: 1
2018-11-03 17:42:42,215 [DEBUG] [http-nio-8080-exec-1] io.renren.modules.sys.dao.SysMenuDao.selectById [BaseJdbcLogger.java : 159] ==>  Preparing: SELECT menu_id AS menuId,parent_id AS parentId,`name`,url,perms,`type`,icon,order_num AS orderNum FROM sys_menu WHERE menu_id=? 
2018-11-03 17:42:42,217 [DEBUG] [http-nio-8080-exec-1] io.renren.modules.sys.dao.SysMenuDao.selectById [BaseJdbcLogger.java : 159] ==> Parameters: 1(Long)
2018-11-03 17:42:42,220 [DEBUG] [http-nio-8080-exec-1] io.renren.modules.sys.dao.SysMenuDao.selectById [BaseJdbcLogger.java : 159] <==      Total: 1
2018-11-03 17:42:42,223 [DEBUG] [http-nio-8080-exec-1] io.renren.modules.sys.dao.SysMenuDao.selectById [BaseJdbcLogger.java : 159] ==>  Preparing: SELECT menu_id AS menuId,parent_id AS parentId,`name`,url,perms,`type`,icon,order_num AS orderNum FROM sys_menu WHERE menu_id=? 
2018-11-03 17:42:42,225 [DEBUG] [http-nio-8080-exec-1] io.renren.modules.sys.dao.SysMenuDao.selectById [BaseJdbcLogger.java : 159] ==> Parameters: 1(Long)
2018-11-03 17:42:42,227 [DEBUG] [http-nio-8080-exec-1] io.renren.modules.sys.dao.SysMenuDao.selectById [BaseJdbcLogger.java : 159] <==      Total: 1
2018-11-03 17:42:42,230 [DEBUG] [http-nio-8080-exec-1] io.renren.modules.sys.dao.SysMenuDao.selectById [BaseJdbcLogger.java : 159] ==>  Preparing: SELECT menu_id AS menuId,parent_id AS parentId,`name`,url,perms,`type`,icon,order_num AS orderNum FROM sys_menu WHERE menu_id=? 
2018-11-03 17:42:42,232 [DEBUG] [http-nio-8080-exec-1] io.renren.modules.sys.dao.SysMenuDao.selectById [BaseJdbcLogger.java : 159] ==> Parameters: 1(Long)
2018-11-03 17:42:42,234 [DEBUG] [http-nio-8080-exec-1] io.renren.modules.sys.dao.SysMenuDao.selectById [BaseJdbcLogger.java : 159] <==      Total: 1
2018-11-03 17:42:42,237 [DEBUG] [http-nio-8080-exec-1] io.renren.modules.sys.dao.SysMenuDao.selectById [BaseJdbcLogger.java : 159] ==>  Preparing: SELECT menu_id AS menuId,parent_id AS parentId,`name`,url,perms,`type`,icon,order_num AS orderNum FROM sys_menu WHERE menu_id=? 
2018-11-03 17:42:42,238 [DEBUG] [http-nio-8080-exec-1] io.renren.modules.sys.dao.SysMenuDao.selectById [BaseJdbcLogger.java : 159] ==> Parameters: 1(Long)
2018-11-03 17:42:42,240 [DEBUG] [http-nio-8080-exec-1] io.renren.modules.sys.dao.SysMenuDao.selectById [BaseJdbcLogger.java : 159] <==      Total: 1
2018-11-03 17:42:42,243 [DEBUG] [http-nio-8080-exec-1] io.renren.modules.sys.dao.SysMenuDao.selectById [BaseJdbcLogger.java : 159] ==>  Preparing: SELECT menu_id AS menuId,parent_id AS parentId,`name`,url,perms,`type`,icon,order_num AS orderNum FROM sys_menu WHERE menu_id=? 
2018-11-03 17:42:42,245 [DEBUG] [http-nio-8080-exec-1] io.renren.modules.sys.dao.SysMenuDao.selectById [BaseJdbcLogger.java : 159] ==> Parameters: 6(Long)
2018-11-03 17:42:42,247 [DEBUG] [http-nio-8080-exec-1] io.renren.modules.sys.dao.SysMenuDao.selectById [BaseJdbcLogger.java : 159] <==      Total: 1
2018-11-03 17:42:42,250 [DEBUG] [http-nio-8080-exec-1] io.renren.modules.sys.dao.SysMenuDao.selectById [BaseJdbcLogger.java : 159] ==>  Preparing: SELECT menu_id AS menuId,parent_id AS parentId,`name`,url,perms,`type`,icon,order_num AS orderNum FROM sys_menu WHERE menu_id=? 
2018-11-03 17:42:42,252 [DEBUG] [http-nio-8080-exec-1] io.renren.modules.sys.dao.SysMenuDao.selectById [BaseJdbcLogger.java : 159] ==> Parameters: 6(Long)
2018-11-03 17:42:42,254 [DEBUG] [http-nio-8080-exec-1] io.renren.modules.sys.dao.SysMenuDao.selectById [BaseJdbcLogger.java : 159] <==      Total: 1
2018-11-03 17:42:42,257 [DEBUG] [http-nio-8080-exec-1] io.renren.modules.sys.dao.SysMenuDao.selectById [BaseJdbcLogger.java : 159] ==>  Preparing: SELECT menu_id AS menuId,parent_id AS parentId,`name`,url,perms,`type`,icon,order_num AS orderNum FROM sys_menu WHERE menu_id=? 
2018-11-03 17:42:42,259 [DEBUG] [http-nio-8080-exec-1] io.renren.modules.sys.dao.SysMenuDao.selectById [BaseJdbcLogger.java : 159] ==> Parameters: 6(Long)
2018-11-03 17:42:42,262 [DEBUG] [http-nio-8080-exec-1] io.renren.modules.sys.dao.SysMenuDao.selectById [BaseJdbcLogger.java : 159] <==      Total: 1
2018-11-03 17:42:42,265 [DEBUG] [http-nio-8080-exec-1] io.renren.modules.sys.dao.SysMenuDao.selectById [BaseJdbcLogger.java : 159] ==>  Preparing: SELECT menu_id AS menuId,parent_id AS parentId,`name`,url,perms,`type`,icon,order_num AS orderNum FROM sys_menu WHERE menu_id=? 
2018-11-03 17:42:42,267 [DEBUG] [http-nio-8080-exec-1] io.renren.modules.sys.dao.SysMenuDao.selectById [BaseJdbcLogger.java : 159] ==> Parameters: 6(Long)
2018-11-03 17:42:42,269 [DEBUG] [http-nio-8080-exec-1] io.renren.modules.sys.dao.SysMenuDao.selectById [BaseJdbcLogger.java : 159] <==      Total: 1
2018-11-03 17:42:42,272 [DEBUG] [http-nio-8080-exec-1] io.renren.modules.sys.dao.SysMenuDao.selectById [BaseJdbcLogger.java : 159] ==>  Preparing: SELECT menu_id AS menuId,parent_id AS parentId,`name`,url,perms,`type`,icon,order_num AS orderNum FROM sys_menu WHERE menu_id=? 
2018-11-03 17:42:42,274 [DEBUG] [http-nio-8080-exec-1] io.renren.modules.sys.dao.SysMenuDao.selectById [BaseJdbcLogger.java : 159] ==> Parameters: 6(Long)
2018-11-03 17:42:42,276 [DEBUG] [http-nio-8080-exec-1] io.renren.modules.sys.dao.SysMenuDao.selectById [BaseJdbcLogger.java : 159] <==      Total: 1
2018-11-03 17:42:42,279 [DEBUG] [http-nio-8080-exec-1] io.renren.modules.sys.dao.SysMenuDao.selectById [BaseJdbcLogger.java : 159] ==>  Preparing: SELECT menu_id AS menuId,parent_id AS parentId,`name`,url,perms,`type`,icon,order_num AS orderNum FROM sys_menu WHERE menu_id=? 
2018-11-03 17:42:42,281 [DEBUG] [http-nio-8080-exec-1] io.renren.modules.sys.dao.SysMenuDao.selectById [BaseJdbcLogger.java : 159] ==> Parameters: 6(Long)
2018-11-03 17:42:42,283 [DEBUG] [http-nio-8080-exec-1] io.renren.modules.sys.dao.SysMenuDao.selectById [BaseJdbcLogger.java : 159] <==      Total: 1
2018-11-03 17:42:42,286 [DEBUG] [http-nio-8080-exec-1] io.renren.modules.sys.dao.SysMenuDao.selectById [BaseJdbcLogger.java : 159] ==>  Preparing: SELECT menu_id AS menuId,parent_id AS parentId,`name`,url,perms,`type`,icon,order_num AS orderNum FROM sys_menu WHERE menu_id=? 
2018-11-03 17:42:42,288 [DEBUG] [http-nio-8080-exec-1] io.renren.modules.sys.dao.SysMenuDao.selectById [BaseJdbcLogger.java : 159] ==> Parameters: 6(Long)
2018-11-03 17:42:42,290 [DEBUG] [http-nio-8080-exec-1] io.renren.modules.sys.dao.SysMenuDao.selectById [BaseJdbcLogger.java : 159] <==      Total: 1
2018-11-03 17:42:42,295 [DEBUG] [http-nio-8080-exec-1] io.renren.modules.sys.dao.SysMenuDao.selectById [BaseJdbcLogger.java : 159] ==>  Preparing: SELECT menu_id AS menuId,parent_id AS parentId,`name`,url,perms,`type`,icon,order_num AS orderNum FROM sys_menu WHERE menu_id=? 
2018-11-03 17:42:42,296 [DEBUG] [http-nio-8080-exec-1] io.renren.modules.sys.dao.SysMenuDao.selectById [BaseJdbcLogger.java : 159] ==> Parameters: 6(Long)
2018-11-03 17:42:42,298 [DEBUG] [http-nio-8080-exec-1] io.renren.modules.sys.dao.SysMenuDao.selectById [BaseJdbcLogger.java : 159] <==      Total: 1
2018-11-03 17:42:42,301 [DEBUG] [http-nio-8080-exec-1] io.renren.modules.sys.dao.SysMenuDao.selectById [BaseJdbcLogger.java : 159] ==>  Preparing: SELECT menu_id AS menuId,parent_id AS parentId,`name`,url,perms,`type`,icon,order_num AS orderNum FROM sys_menu WHERE menu_id=? 
2018-11-03 17:42:42,303 [DEBUG] [http-nio-8080-exec-1] io.renren.modules.sys.dao.SysMenuDao.selectById [BaseJdbcLogger.java : 159] ==> Parameters: 2(Long)
2018-11-03 17:42:42,305 [DEBUG] [http-nio-8080-exec-1] io.renren.modules.sys.dao.SysMenuDao.selectById [BaseJdbcLogger.java : 159] <==      Total: 1
2018-11-03 17:42:42,307 [DEBUG] [http-nio-8080-exec-1] io.renren.modules.sys.dao.SysMenuDao.selectById [BaseJdbcLogger.java : 159] ==>  Preparing: SELECT menu_id AS menuId,parent_id AS parentId,`name`,url,perms,`type`,icon,order_num AS orderNum FROM sys_menu WHERE menu_id=? 
2018-11-03 17:42:42,309 [DEBUG] [http-nio-8080-exec-1] io.renren.modules.sys.dao.SysMenuDao.selectById [BaseJdbcLogger.java : 159] ==> Parameters: 2(Long)
2018-11-03 17:42:42,311 [DEBUG] [http-nio-8080-exec-1] io.renren.modules.sys.dao.SysMenuDao.selectById [BaseJdbcLogger.java : 159] <==      Total: 1
2018-11-03 17:42:42,314 [DEBUG] [http-nio-8080-exec-1] io.renren.modules.sys.dao.SysMenuDao.selectById [BaseJdbcLogger.java : 159] ==>  Preparing: SELECT menu_id AS menuId,parent_id AS parentId,`name`,url,perms,`type`,icon,order_num AS orderNum FROM sys_menu WHERE menu_id=? 
2018-11-03 17:42:42,316 [DEBUG] [http-nio-8080-exec-1] io.renren.modules.sys.dao.SysMenuDao.selectById [BaseJdbcLogger.java : 159] ==> Parameters: 2(Long)
2018-11-03 17:42:42,318 [DEBUG] [http-nio-8080-exec-1] io.renren.modules.sys.dao.SysMenuDao.selectById [BaseJdbcLogger.java : 159] <==      Total: 1
2018-11-03 17:42:42,320 [DEBUG] [http-nio-8080-exec-1] io.renren.modules.sys.dao.SysMenuDao.selectById [BaseJdbcLogger.java : 159] ==>  Preparing: SELECT menu_id AS menuId,parent_id AS parentId,`name`,url,perms,`type`,icon,order_num AS orderNum FROM sys_menu WHERE menu_id=? 
2018-11-03 17:42:42,321 [DEBUG] [http-nio-8080-exec-1] io.renren.modules.sys.dao.SysMenuDao.selectById [BaseJdbcLogger.java : 159] ==> Parameters: 2(Long)
2018-11-03 17:42:42,323 [DEBUG] [http-nio-8080-exec-1] io.renren.modules.sys.dao.SysMenuDao.selectById [BaseJdbcLogger.java : 159] <==      Total: 1
2018-11-03 17:42:42,325 [DEBUG] [http-nio-8080-exec-1] io.renren.modules.sys.dao.SysMenuDao.selectById [BaseJdbcLogger.java : 159] ==>  Preparing: SELECT menu_id AS menuId,parent_id AS parentId,`name`,url,perms,`type`,icon,order_num AS orderNum FROM sys_menu WHERE menu_id=? 
2018-11-03 17:42:42,327 [DEBUG] [http-nio-8080-exec-1] io.renren.modules.sys.dao.SysMenuDao.selectById [BaseJdbcLogger.java : 159] ==> Parameters: 3(Long)
2018-11-03 17:42:42,330 [DEBUG] [http-nio-8080-exec-1] io.renren.modules.sys.dao.SysMenuDao.selectById [BaseJdbcLogger.java : 159] <==      Total: 1
2018-11-03 17:42:42,332 [DEBUG] [http-nio-8080-exec-1] io.renren.modules.sys.dao.SysMenuDao.selectById [BaseJdbcLogger.java : 159] ==>  Preparing: SELECT menu_id AS menuId,parent_id AS parentId,`name`,url,perms,`type`,icon,order_num AS orderNum FROM sys_menu WHERE menu_id=? 
2018-11-03 17:42:42,333 [DEBUG] [http-nio-8080-exec-1] io.renren.modules.sys.dao.SysMenuDao.selectById [BaseJdbcLogger.java : 159] ==> Parameters: 3(Long)
2018-11-03 17:42:42,335 [DEBUG] [http-nio-8080-exec-1] io.renren.modules.sys.dao.SysMenuDao.selectById [BaseJdbcLogger.java : 159] <==      Total: 1
2018-11-03 17:42:42,339 [DEBUG] [http-nio-8080-exec-1] io.renren.modules.sys.dao.SysMenuDao.selectById [BaseJdbcLogger.java : 159] ==>  Preparing: SELECT menu_id AS menuId,parent_id AS parentId,`name`,url,perms,`type`,icon,order_num AS orderNum FROM sys_menu WHERE menu_id=? 
2018-11-03 17:42:42,341 [DEBUG] [http-nio-8080-exec-1] io.renren.modules.sys.dao.SysMenuDao.selectById [BaseJdbcLogger.java : 159] ==> Parameters: 3(Long)
2018-11-03 17:42:42,343 [DEBUG] [http-nio-8080-exec-1] io.renren.modules.sys.dao.SysMenuDao.selectById [BaseJdbcLogger.java : 159] <==      Total: 1
2018-11-03 17:42:42,346 [DEBUG] [http-nio-8080-exec-1] io.renren.modules.sys.dao.SysMenuDao.selectById [BaseJdbcLogger.java : 159] ==>  Preparing: SELECT menu_id AS menuId,parent_id AS parentId,`name`,url,perms,`type`,icon,order_num AS orderNum FROM sys_menu WHERE menu_id=? 
2018-11-03 17:42:42,347 [DEBUG] [http-nio-8080-exec-1] io.renren.modules.sys.dao.SysMenuDao.selectById [BaseJdbcLogger.java : 159] ==> Parameters: 3(Long)
2018-11-03 17:42:42,350 [DEBUG] [http-nio-8080-exec-1] io.renren.modules.sys.dao.SysMenuDao.selectById [BaseJdbcLogger.java : 159] <==      Total: 1
2018-11-03 17:42:42,353 [DEBUG] [http-nio-8080-exec-1] io.renren.modules.sys.dao.SysMenuDao.selectById [BaseJdbcLogger.java : 159] ==>  Preparing: SELECT menu_id AS menuId,parent_id AS parentId,`name`,url,perms,`type`,icon,order_num AS orderNum FROM sys_menu WHERE menu_id=? 
2018-11-03 17:42:42,354 [DEBUG] [http-nio-8080-exec-1] io.renren.modules.sys.dao.SysMenuDao.selectById [BaseJdbcLogger.java : 159] ==> Parameters: 4(Long)
2018-11-03 17:42:42,357 [DEBUG] [http-nio-8080-exec-1] io.renren.modules.sys.dao.SysMenuDao.selectById [BaseJdbcLogger.java : 159] <==      Total: 1
2018-11-03 17:42:42,361 [DEBUG] [http-nio-8080-exec-1] io.renren.modules.sys.dao.SysMenuDao.selectById [BaseJdbcLogger.java : 159] ==>  Preparing: SELECT menu_id AS menuId,parent_id AS parentId,`name`,url,perms,`type`,icon,order_num AS orderNum FROM sys_menu WHERE menu_id=? 
2018-11-03 17:42:42,364 [DEBUG] [http-nio-8080-exec-1] io.renren.modules.sys.dao.SysMenuDao.selectById [BaseJdbcLogger.java : 159] ==> Parameters: 4(Long)
2018-11-03 17:42:42,366 [DEBUG] [http-nio-8080-exec-1] io.renren.modules.sys.dao.SysMenuDao.selectById [BaseJdbcLogger.java : 159] <==      Total: 1
2018-11-03 17:42:42,369 [DEBUG] [http-nio-8080-exec-1] io.renren.modules.sys.dao.SysMenuDao.selectById [BaseJdbcLogger.java : 159] ==>  Preparing: SELECT menu_id AS menuId,parent_id AS parentId,`name`,url,perms,`type`,icon,order_num AS orderNum FROM sys_menu WHERE menu_id=? 
2018-11-03 17:42:42,371 [DEBUG] [http-nio-8080-exec-1] io.renren.modules.sys.dao.SysMenuDao.selectById [BaseJdbcLogger.java : 159] ==> Parameters: 4(Long)
2018-11-03 17:42:42,374 [DEBUG] [http-nio-8080-exec-1] io.renren.modules.sys.dao.SysMenuDao.selectById [BaseJdbcLogger.java : 159] <==      Total: 1
2018-11-03 17:42:42,377 [DEBUG] [http-nio-8080-exec-1] io.renren.modules.sys.dao.SysMenuDao.selectById [BaseJdbcLogger.java : 159] ==>  Preparing: SELECT menu_id AS menuId,parent_id AS parentId,`name`,url,perms,`type`,icon,order_num AS orderNum FROM sys_menu WHERE menu_id=? 
2018-11-03 17:42:42,378 [DEBUG] [http-nio-8080-exec-1] io.renren.modules.sys.dao.SysMenuDao.selectById [BaseJdbcLogger.java : 159] ==> Parameters: 4(Long)
2018-11-03 17:42:42,405 [DEBUG] [http-nio-8080-exec-1] io.renren.modules.sys.dao.SysMenuDao.selectById [BaseJdbcLogger.java : 159] <==      Total: 1
2018-11-03 17:42:42,407 [DEBUG] [http-nio-8080-exec-1] io.renren.modules.sys.dao.SysMenuDao.selectById [BaseJdbcLogger.java : 159] ==>  Preparing: SELECT menu_id AS menuId,parent_id AS parentId,`name`,url,perms,`type`,icon,order_num AS orderNum FROM sys_menu WHERE menu_id=? 
2018-11-03 17:42:42,408 [DEBUG] [http-nio-8080-exec-1] io.renren.modules.sys.dao.SysMenuDao.selectById [BaseJdbcLogger.java : 159] ==> Parameters: 1(Long)
2018-11-03 17:42:42,411 [DEBUG] [http-nio-8080-exec-1] io.renren.modules.sys.dao.SysMenuDao.selectById [BaseJdbcLogger.java : 159] <==      Total: 1
2018-11-03 17:42:42,413 [DEBUG] [http-nio-8080-exec-1] io.renren.modules.sys.dao.SysMenuDao.selectById [BaseJdbcLogger.java : 159] ==>  Preparing: SELECT menu_id AS menuId,parent_id AS parentId,`name`,url,perms,`type`,icon,order_num AS orderNum FROM sys_menu WHERE menu_id=? 
2018-11-03 17:42:42,415 [DEBUG] [http-nio-8080-exec-1] io.renren.modules.sys.dao.SysMenuDao.selectById [BaseJdbcLogger.java : 159] ==> Parameters: 1(Long)
2018-11-03 17:42:42,417 [DEBUG] [http-nio-8080-exec-1] io.renren.modules.sys.dao.SysMenuDao.selectById [BaseJdbcLogger.java : 159] <==      Total: 1
2018-11-03 17:42:42,421 [DEBUG] [http-nio-8080-exec-1] io.renren.modules.sys.dao.SysMenuDao.selectById [BaseJdbcLogger.java : 159] ==>  Preparing: SELECT menu_id AS menuId,parent_id AS parentId,`name`,url,perms,`type`,icon,order_num AS orderNum FROM sys_menu WHERE menu_id=? 
2018-11-03 17:42:42,422 [DEBUG] [http-nio-8080-exec-1] io.renren.modules.sys.dao.SysMenuDao.selectById [BaseJdbcLogger.java : 159] ==> Parameters: 1(Long)
2018-11-03 17:42:42,425 [DEBUG] [http-nio-8080-exec-1] io.renren.modules.sys.dao.SysMenuDao.selectById [BaseJdbcLogger.java : 159] <==      Total: 1
2018-11-03 17:42:42,427 [DEBUG] [http-nio-8080-exec-1] io.renren.modules.sys.dao.SysMenuDao.selectById [BaseJdbcLogger.java : 159] ==>  Preparing: SELECT menu_id AS menuId,parent_id AS parentId,`name`,url,perms,`type`,icon,order_num AS orderNum FROM sys_menu WHERE menu_id=? 
2018-11-03 17:42:42,429 [DEBUG] [http-nio-8080-exec-1] io.renren.modules.sys.dao.SysMenuDao.selectById [BaseJdbcLogger.java : 159] ==> Parameters: 1(Long)
2018-11-03 17:42:42,432 [DEBUG] [http-nio-8080-exec-1] io.renren.modules.sys.dao.SysMenuDao.selectById [BaseJdbcLogger.java : 159] <==      Total: 1
2018-11-03 17:42:42,435 [DEBUG] [http-nio-8080-exec-1] io.renren.modules.sys.dao.SysMenuDao.selectById [BaseJdbcLogger.java : 159] ==>  Preparing: SELECT menu_id AS menuId,parent_id AS parentId,`name`,url,perms,`type`,icon,order_num AS orderNum FROM sys_menu WHERE menu_id=? 
2018-11-03 17:42:42,437 [DEBUG] [http-nio-8080-exec-1] io.renren.modules.sys.dao.SysMenuDao.selectById [BaseJdbcLogger.java : 159] ==> Parameters: 31(Long)
2018-11-03 17:42:42,440 [DEBUG] [http-nio-8080-exec-1] io.renren.modules.sys.dao.SysMenuDao.selectById [BaseJdbcLogger.java : 159] <==      Total: 1
2018-11-03 17:42:42,443 [DEBUG] [http-nio-8080-exec-1] io.renren.modules.sys.dao.SysMenuDao.selectById [BaseJdbcLogger.java : 159] ==>  Preparing: SELECT menu_id AS menuId,parent_id AS parentId,`name`,url,perms,`type`,icon,order_num AS orderNum FROM sys_menu WHERE menu_id=? 
2018-11-03 17:42:42,445 [DEBUG] [http-nio-8080-exec-1] io.renren.modules.sys.dao.SysMenuDao.selectById [BaseJdbcLogger.java : 159] ==> Parameters: 31(Long)
2018-11-03 17:42:42,447 [DEBUG] [http-nio-8080-exec-1] io.renren.modules.sys.dao.SysMenuDao.selectById [BaseJdbcLogger.java : 159] <==      Total: 1
2018-11-03 17:42:42,450 [DEBUG] [http-nio-8080-exec-1] io.renren.modules.sys.dao.SysMenuDao.selectById [BaseJdbcLogger.java : 159] ==>  Preparing: SELECT menu_id AS menuId,parent_id AS parentId,`name`,url,perms,`type`,icon,order_num AS orderNum FROM sys_menu WHERE menu_id=? 
2018-11-03 17:42:42,451 [DEBUG] [http-nio-8080-exec-1] io.renren.modules.sys.dao.SysMenuDao.selectById [BaseJdbcLogger.java : 159] ==> Parameters: 31(Long)
2018-11-03 17:42:42,453 [DEBUG] [http-nio-8080-exec-1] io.renren.modules.sys.dao.SysMenuDao.selectById [BaseJdbcLogger.java : 159] <==      Total: 1
2018-11-03 17:42:42,455 [DEBUG] [http-nio-8080-exec-1] io.renren.modules.sys.dao.SysMenuDao.selectById [BaseJdbcLogger.java : 159] ==>  Preparing: SELECT menu_id AS menuId,parent_id AS parentId,`name`,url,perms,`type`,icon,order_num AS orderNum FROM sys_menu WHERE menu_id=? 
2018-11-03 17:42:42,457 [DEBUG] [http-nio-8080-exec-1] io.renren.modules.sys.dao.SysMenuDao.selectById [BaseJdbcLogger.java : 159] ==> Parameters: 31(Long)
2018-11-03 17:42:42,458 [DEBUG] [http-nio-8080-exec-1] io.renren.modules.sys.dao.SysMenuDao.selectById [BaseJdbcLogger.java : 159] <==      Total: 1
2018-11-03 17:42:42,461 [DEBUG] [http-nio-8080-exec-1] io.renren.modules.sys.dao.SysMenuDao.selectById [BaseJdbcLogger.java : 159] ==>  Preparing: SELECT menu_id AS menuId,parent_id AS parentId,`name`,url,perms,`type`,icon,order_num AS orderNum FROM sys_menu WHERE menu_id=? 
2018-11-03 17:42:42,462 [DEBUG] [http-nio-8080-exec-1] io.renren.modules.sys.dao.SysMenuDao.selectById [BaseJdbcLogger.java : 159] ==> Parameters: 1(Long)
2018-11-03 17:42:42,465 [DEBUG] [http-nio-8080-exec-1] io.renren.modules.sys.dao.SysMenuDao.selectById [BaseJdbcLogger.java : 159] <==      Total: 1
2018-11-03 17:42:42,467 [DEBUG] [http-nio-8080-exec-1] io.renren.modules.sys.dao.SysMenuDao.selectById [BaseJdbcLogger.java : 159] ==>  Preparing: SELECT menu_id AS menuId,parent_id AS parentId,`name`,url,perms,`type`,icon,order_num AS orderNum FROM sys_menu WHERE menu_id=? 
2018-11-03 17:42:42,469 [DEBUG] [http-nio-8080-exec-1] io.renren.modules.sys.dao.SysMenuDao.selectById [BaseJdbcLogger.java : 159] ==> Parameters: 36(Long)
2018-11-03 17:42:42,471 [DEBUG] [http-nio-8080-exec-1] io.renren.modules.sys.dao.SysMenuDao.selectById [BaseJdbcLogger.java : 159] <==      Total: 1
2018-11-03 17:42:42,473 [DEBUG] [http-nio-8080-exec-1] io.renren.modules.sys.dao.SysMenuDao.selectById [BaseJdbcLogger.java : 159] ==>  Preparing: SELECT menu_id AS menuId,parent_id AS parentId,`name`,url,perms,`type`,icon,order_num AS orderNum FROM sys_menu WHERE menu_id=? 
2018-11-03 17:42:42,475 [DEBUG] [http-nio-8080-exec-1] io.renren.modules.sys.dao.SysMenuDao.selectById [BaseJdbcLogger.java : 159] ==> Parameters: 36(Long)
2018-11-03 17:42:42,477 [DEBUG] [http-nio-8080-exec-1] io.renren.modules.sys.dao.SysMenuDao.selectById [BaseJdbcLogger.java : 159] <==      Total: 1
2018-11-03 17:42:42,479 [DEBUG] [http-nio-8080-exec-1] io.renren.modules.sys.dao.SysMenuDao.selectById [BaseJdbcLogger.java : 159] ==>  Preparing: SELECT menu_id AS menuId,parent_id AS parentId,`name`,url,perms,`type`,icon,order_num AS orderNum FROM sys_menu WHERE menu_id=? 
2018-11-03 17:42:42,480 [DEBUG] [http-nio-8080-exec-1] io.renren.modules.sys.dao.SysMenuDao.selectById [BaseJdbcLogger.java : 159] ==> Parameters: 36(Long)
2018-11-03 17:42:42,483 [DEBUG] [http-nio-8080-exec-1] io.renren.modules.sys.dao.SysMenuDao.selectById [BaseJdbcLogger.java : 159] <==      Total: 1
2018-11-03 17:42:42,485 [DEBUG] [http-nio-8080-exec-1] io.renren.modules.sys.dao.SysMenuDao.selectById [BaseJdbcLogger.java : 159] ==>  Preparing: SELECT menu_id AS menuId,parent_id AS parentId,`name`,url,perms,`type`,icon,order_num AS orderNum FROM sys_menu WHERE menu_id=? 
2018-11-03 17:42:42,487 [DEBUG] [http-nio-8080-exec-1] io.renren.modules.sys.dao.SysMenuDao.selectById [BaseJdbcLogger.java : 159] ==> Parameters: 36(Long)
2018-11-03 17:42:42,489 [DEBUG] [http-nio-8080-exec-1] io.renren.modules.sys.dao.SysMenuDao.selectById [BaseJdbcLogger.java : 159] <==      Total: 1
2018-11-03 17:42:42,491 [DEBUG] [http-nio-8080-exec-1] io.renren.modules.sys.dao.SysMenuDao.selectById [BaseJdbcLogger.java : 159] ==>  Preparing: SELECT menu_id AS menuId,parent_id AS parentId,`name`,url,perms,`type`,icon,order_num AS orderNum FROM sys_menu WHERE menu_id=? 
2018-11-03 17:42:42,492 [DEBUG] [http-nio-8080-exec-1] io.renren.modules.sys.dao.SysMenuDao.selectById [BaseJdbcLogger.java : 159] ==> Parameters: 0(Long)
2018-11-03 17:42:42,494 [DEBUG] [http-nio-8080-exec-1] io.renren.modules.sys.dao.SysMenuDao.selectById [BaseJdbcLogger.java : 159] <==      Total: 0
2018-11-03 17:42:42,497 [DEBUG] [http-nio-8080-exec-1] io.renren.modules.sys.dao.SysMenuDao.selectById [BaseJdbcLogger.java : 159] ==>  Preparing: SELECT menu_id AS menuId,parent_id AS parentId,`name`,url,perms,`type`,icon,order_num AS orderNum FROM sys_menu WHERE menu_id=? 
2018-11-03 17:42:42,498 [DEBUG] [http-nio-8080-exec-1] io.renren.modules.sys.dao.SysMenuDao.selectById [BaseJdbcLogger.java : 159] ==> Parameters: 41(Long)
2018-11-03 17:42:42,501 [DEBUG] [http-nio-8080-exec-1] io.renren.modules.sys.dao.SysMenuDao.selectById [BaseJdbcLogger.java : 159] <==      Total: 1
2018-11-03 17:42:42,503 [DEBUG] [http-nio-8080-exec-1] io.renren.modules.sys.dao.SysMenuDao.selectById [BaseJdbcLogger.java : 159] ==>  Preparing: SELECT menu_id AS menuId,parent_id AS parentId,`name`,url,perms,`type`,icon,order_num AS orderNum FROM sys_menu WHERE menu_id=? 
2018-11-03 17:42:42,505 [DEBUG] [http-nio-8080-exec-1] io.renren.modules.sys.dao.SysMenuDao.selectById [BaseJdbcLogger.java : 159] ==> Parameters: 41(Long)
2018-11-03 17:42:42,507 [DEBUG] [http-nio-8080-exec-1] io.renren.modules.sys.dao.SysMenuDao.selectById [BaseJdbcLogger.java : 159] <==      Total: 1
2018-11-03 17:42:42,509 [DEBUG] [http-nio-8080-exec-1] io.renren.modules.sys.dao.SysMenuDao.selectById [BaseJdbcLogger.java : 159] ==>  Preparing: SELECT menu_id AS menuId,parent_id AS parentId,`name`,url,perms,`type`,icon,order_num AS orderNum FROM sys_menu WHERE menu_id=? 
2018-11-03 17:42:42,511 [DEBUG] [http-nio-8080-exec-1] io.renren.modules.sys.dao.SysMenuDao.selectById [BaseJdbcLogger.java : 159] ==> Parameters: 41(Long)
2018-11-03 17:42:42,513 [DEBUG] [http-nio-8080-exec-1] io.renren.modules.sys.dao.SysMenuDao.selectById [BaseJdbcLogger.java : 159] <==      Total: 1
2018-11-03 17:42:42,515 [DEBUG] [http-nio-8080-exec-1] io.renren.modules.sys.dao.SysMenuDao.selectById [BaseJdbcLogger.java : 159] ==>  Preparing: SELECT menu_id AS menuId,parent_id AS parentId,`name`,url,perms,`type`,icon,order_num AS orderNum FROM sys_menu WHERE menu_id=? 
2018-11-03 17:42:42,517 [DEBUG] [http-nio-8080-exec-1] io.renren.modules.sys.dao.SysMenuDao.selectById [BaseJdbcLogger.java : 159] ==> Parameters: 41(Long)
2018-11-03 17:42:42,519 [DEBUG] [http-nio-8080-exec-1] io.renren.modules.sys.dao.SysMenuDao.selectById [BaseJdbcLogger.java : 159] <==      Total: 1
2018-11-03 17:42:42,520 [DEBUG] [http-nio-8080-exec-1] io.renren.modules.sys.dao.SysMenuDao.selectById [BaseJdbcLogger.java : 159] ==>  Preparing: SELECT menu_id AS menuId,parent_id AS parentId,`name`,url,perms,`type`,icon,order_num AS orderNum FROM sys_menu WHERE menu_id=? 
2018-11-03 17:42:42,522 [DEBUG] [http-nio-8080-exec-1] io.renren.modules.sys.dao.SysMenuDao.selectById [BaseJdbcLogger.java : 159] ==> Parameters: 41(Long)
2018-11-03 17:42:42,524 [DEBUG] [http-nio-8080-exec-1] io.renren.modules.sys.dao.SysMenuDao.selectById [BaseJdbcLogger.java : 159] <==      Total: 1
2018-11-03 17:42:42,526 [DEBUG] [http-nio-8080-exec-1] io.renren.modules.sys.dao.SysMenuDao.selectById [BaseJdbcLogger.java : 159] ==>  Preparing: SELECT menu_id AS menuId,parent_id AS parentId,`name`,url,perms,`type`,icon,order_num AS orderNum FROM sys_menu WHERE menu_id=? 
2018-11-03 17:42:42,527 [DEBUG] [http-nio-8080-exec-1] io.renren.modules.sys.dao.SysMenuDao.selectById [BaseJdbcLogger.java : 159] ==> Parameters: 0(Long)
2018-11-03 17:42:42,529 [DEBUG] [http-nio-8080-exec-1] io.renren.modules.sys.dao.SysMenuDao.selectById [BaseJdbcLogger.java : 159] <==      Total: 0
2018-11-03 17:42:42,532 [DEBUG] [http-nio-8080-exec-1] io.renren.modules.sys.dao.SysMenuDao.selectById [BaseJdbcLogger.java : 159] ==>  Preparing: SELECT menu_id AS menuId,parent_id AS parentId,`name`,url,perms,`type`,icon,order_num AS orderNum FROM sys_menu WHERE menu_id=? 
2018-11-03 17:42:42,533 [DEBUG] [http-nio-8080-exec-1] io.renren.modules.sys.dao.SysMenuDao.selectById [BaseJdbcLogger.java : 159] ==> Parameters: 47(Long)
2018-11-03 17:42:42,535 [DEBUG] [http-nio-8080-exec-1] io.renren.modules.sys.dao.SysMenuDao.selectById [BaseJdbcLogger.java : 159] <==      Total: 1
2018-11-03 17:42:42,538 [DEBUG] [http-nio-8080-exec-1] io.renren.modules.sys.dao.SysMenuDao.selectById [BaseJdbcLogger.java : 159] ==>  Preparing: SELECT menu_id AS menuId,parent_id AS parentId,`name`,url,perms,`type`,icon,order_num AS orderNum FROM sys_menu WHERE menu_id=? 
2018-11-03 17:42:42,538 [DEBUG] [http-nio-8080-exec-1] io.renren.modules.sys.dao.SysMenuDao.selectById [BaseJdbcLogger.java : 159] ==> Parameters: 47(Long)
2018-11-03 17:42:42,543 [DEBUG] [http-nio-8080-exec-1] io.renren.modules.sys.dao.SysMenuDao.selectById [BaseJdbcLogger.java : 159] <==      Total: 1
2018-11-03 17:42:42,551 [DEBUG] [http-nio-8080-exec-1] io.renren.modules.sys.dao.SysMenuDao.selectById [BaseJdbcLogger.java : 159] ==>  Preparing: SELECT menu_id AS menuId,parent_id AS parentId,`name`,url,perms,`type`,icon,order_num AS orderNum FROM sys_menu WHERE menu_id=? 
2018-11-03 17:42:42,554 [DEBUG] [http-nio-8080-exec-1] io.renren.modules.sys.dao.SysMenuDao.selectById [BaseJdbcLogger.java : 159] ==> Parameters: 0(Long)
2018-11-03 17:42:42,557 [DEBUG] [http-nio-8080-exec-1] io.renren.modules.sys.dao.SysMenuDao.selectById [BaseJdbcLogger.java : 159] <==      Total: 0
2018-11-03 17:42:42,559 [DEBUG] [http-nio-8080-exec-1] io.renren.modules.sys.dao.SysMenuDao.selectById [BaseJdbcLogger.java : 159] ==>  Preparing: SELECT menu_id AS menuId,parent_id AS parentId,`name`,url,perms,`type`,icon,order_num AS orderNum FROM sys_menu WHERE menu_id=? 
2018-11-03 17:42:42,560 [DEBUG] [http-nio-8080-exec-1] io.renren.modules.sys.dao.SysMenuDao.selectById [BaseJdbcLogger.java : 159] ==> Parameters: 50(Long)
2018-11-03 17:42:42,564 [DEBUG] [http-nio-8080-exec-1] io.renren.modules.sys.dao.SysMenuDao.selectById [BaseJdbcLogger.java : 159] <==      Total: 1
2018-11-03 17:42:42,567 [DEBUG] [http-nio-8080-exec-1] io.renren.modules.sys.dao.SysMenuDao.selectById [BaseJdbcLogger.java : 159] ==>  Preparing: SELECT menu_id AS menuId,parent_id AS parentId,`name`,url,perms,`type`,icon,order_num AS orderNum FROM sys_menu WHERE menu_id=? 
2018-11-03 17:42:42,568 [DEBUG] [http-nio-8080-exec-1] io.renren.modules.sys.dao.SysMenuDao.selectById [BaseJdbcLogger.java : 159] ==> Parameters: 0(Long)
2018-11-03 17:42:42,571 [DEBUG] [http-nio-8080-exec-1] io.renren.modules.sys.dao.SysMenuDao.selectById [BaseJdbcLogger.java : 159] <==      Total: 0
2018-11-03 17:42:42,573 [DEBUG] [http-nio-8080-exec-1] io.renren.modules.sys.dao.SysMenuDao.selectById [BaseJdbcLogger.java : 159] ==>  Preparing: SELECT menu_id AS menuId,parent_id AS parentId,`name`,url,perms,`type`,icon,order_num AS orderNum FROM sys_menu WHERE menu_id=? 
2018-11-03 17:42:42,574 [DEBUG] [http-nio-8080-exec-1] io.renren.modules.sys.dao.SysMenuDao.selectById [BaseJdbcLogger.java : 159] ==> Parameters: 0(Long)
2018-11-03 17:42:42,576 [DEBUG] [http-nio-8080-exec-1] io.renren.modules.sys.dao.SysMenuDao.selectById [BaseJdbcLogger.java : 159] <==      Total: 0
2018-11-03 17:42:42,578 [DEBUG] [http-nio-8080-exec-1] io.renren.modules.sys.dao.SysMenuDao.selectById [BaseJdbcLogger.java : 159] ==>  Preparing: SELECT menu_id AS menuId,parent_id AS parentId,`name`,url,perms,`type`,icon,order_num AS orderNum FROM sys_menu WHERE menu_id=? 
2018-11-03 17:42:42,580 [DEBUG] [http-nio-8080-exec-1] io.renren.modules.sys.dao.SysMenuDao.selectById [BaseJdbcLogger.java : 159] ==> Parameters: 53(Long)
2018-11-03 17:42:42,594 [DEBUG] [http-nio-8080-exec-1] io.renren.modules.sys.dao.SysMenuDao.selectById [BaseJdbcLogger.java : 159] <==      Total: 1
